2018-11-11 16:43:19.240  INFO 12144 --- [restartedMain] c.e.m.s.ShapeServiceApplication          : No active profile set, falling back to default profiles: default
2018-11-11 16:43:20.287  WARN 12144 --- [restartedMain] o.s.boot.actuate.endpoint.EndpointId     : Endpoint ID 'service-registry' contains invalid characters, please migrate to a valid format.
2018-11-11 16:43:20.541  INFO 12144 --- [restartedMain] o.s.cloud.context.scope.GenericScope     : BeanFactory id=11359a10-2d69-3fbb-9de0-1a65d4142145
2018-11-11 16:43:20.634  INFO 12144 --- [restartedMain] trationDelegate$BeanPostProcessorChecker : Bean 'org.springframework.cloud.autoconfigure.ConfigurationPropertiesRebinderAutoConfiguration' of type [org.springframework.cloud.autoconfigure.ConfigurationPropertiesRebinderAutoConfiguration$$EnhancerBySpringCGLIB$$724a29e] is not eligible for getting processed by all BeanPostProcessors (for example: not eligible for auto-proxying)
2018-11-11 16:43:21.166  INFO 12144 --- [restartedMain] o.s.b.w.embedded.tomcat.TomcatWebServer  : Tomcat initialized with port(s): 8200 (http)
2018-11-11 16:43:21.181  INFO 12144 --- [restartedMain] o.apache.catalina.core.StandardService   : Starting service [Tomcat]
2018-11-11 16:43:21.181  INFO 12144 --- [restartedMain] org.apache.catalina.core.StandardEngine  : Starting Servlet Engine: Apache Tomcat/9.0.12
2018-11-11 16:43:21.181  INFO 12144 --- [restartedMain] o.a.catalina.core.AprLifecycleListener   : The APR based Apache Tomcat Native library which allows optimal performance in production environments was not found on the java.library.path: [C:\Program Files\Java\jre1.8.0_191\bin;C:\WINDOWS\Sun\Java\bin;C:\WINDOWS\system32;C:\WINDOWS;C:/Program Files/Java/jre1.8.0_191/bin/server;C:/Program Files/Java/jre1.8.0_191/bin;C:/Program Files/Java/jre1.8.0_191/lib/amd64;C:\Program Files (x86)\Common Files\Oracle\Java\javapath;C:\WINDOWS\system32;C:\WINDOWS;C:\WINDOWS\System32\Wbem;C:\WINDOWS\System32\WindowsPowerShell\v1.0\;C:\Program Files\Java\jdk1.8.0_191\bin;C:\Users\TapojitBhattacharya\Softwares\apache-maven-3.5.2-bin\apache-maven-3.5.2\bin;C:\Program Files\IBM\Bluemix\bin;C:\WINDOWS\System32\OpenSSH\;C:\Program Files\Git\cmd;C:\Users\TapojitBhattacharya\AppData\Local\Microsoft\WindowsApps;C:\Program Files (x86)\CVSNT\;%USERPROFILE%\AppData\Local\Microsoft\WindowsApps;;C:\Users\TapojitBhattacharya\Documents\Personal\Softwares\sts-bundle\sts-3.9.6.RELEASE;;.]
2018-11-11 16:43:21.337  INFO 12144 --- [restartedMain] o.a.c.c.C.[Tomcat].[localhost].[/]       : Initializing Spring embedded WebApplicationContext
2018-11-11 16:43:21.343  INFO 12144 --- [restartedMain] o.s.web.context.ContextLoader            : Root WebApplicationContext: initialization completed in 2072 ms
2018-11-11 16:43:21.453  WARN 12144 --- [restartedMain] c.n.c.sources.URLConfigurationSource     : No URLs will be polled as dynamic configuration sources.
2018-11-11 16:43:21.453  INFO 12144 --- [restartedMain] c.n.c.sources.URLConfigurationSource     : To enable URLs as dynamic configuration sources, define System property archaius.configurationSource.additionalUrls or make config.properties available on classpath.
2018-11-11 16:43:21.468  INFO 12144 --- [restartedMain] c.netflix.config.DynamicPropertyFactory  : DynamicPropertyFactory is initialized with configuration sources: com.netflix.config.ConcurrentCompositeConfiguration@2b6f5259
2018-11-11 16:43:22.796  INFO 12144 --- [restartedMain] o.s.c.n.eureka.InstanceInfoFactory       : Setting initial instance status as: STARTING
2018-11-11 16:43:22.868  INFO 12144 --- [restartedMain] com.netflix.discovery.DiscoveryClient    : Initializing Eureka in region us-east-1
2018-11-11 16:43:23.352  INFO 12144 --- [restartedMain] c.n.d.provider.DiscoveryJerseyProvider   : Using JSON encoding codec LegacyJacksonJson
2018-11-11 16:43:23.352  INFO 12144 --- [restartedMain] c.n.d.provider.DiscoveryJerseyProvider   : Using JSON decoding codec LegacyJacksonJson
2018-11-11 16:43:23.493  INFO 12144 --- [restartedMain] c.n.d.provider.DiscoveryJerseyProvider   : Using XML encoding codec XStreamXml
2018-11-11 16:43:23.493  INFO 12144 --- [restartedMain] c.n.d.provider.DiscoveryJerseyProvider   : Using XML decoding codec XStreamXml
2018-11-11 16:43:23.774  INFO 12144 --- [restartedMain] c.n.d.s.r.aws.ConfigClusterResolver      : Resolving eureka endpoints via configuration
2018-11-11 16:43:24.087  INFO 12144 --- [restartedMain] com.netflix.discovery.DiscoveryClient    : Disable delta property : false
2018-11-11 16:43:24.095  INFO 12144 --- [restartedMain] com.netflix.discovery.DiscoveryClient    : Single vip registry refresh property : null
2018-11-11 16:43:24.096  INFO 12144 --- [restartedMain] com.netflix.discovery.DiscoveryClient    : Force full registry fetch : false
2018-11-11 16:43:24.096  INFO 12144 --- [restartedMain] com.netflix.discovery.DiscoveryClient    : Application is null : false
2018-11-11 16:43:24.096  INFO 12144 --- [restartedMain] com.netflix.discovery.DiscoveryClient    : Registered Applications size is zero : true
2018-11-11 16:43:24.096  INFO 12144 --- [restartedMain] com.netflix.discovery.DiscoveryClient    : Application version is -1: true
2018-11-11 16:43:24.096  INFO 12144 --- [restartedMain] com.netflix.discovery.DiscoveryClient    : Getting all instance registry info from the eureka server
2018-11-11 16:43:24.346  INFO 12144 --- [restartedMain] com.netflix.discovery.DiscoveryClient    : The response status is 200
2018-11-11 16:43:24.346  INFO 12144 --- [restartedMain] com.netflix.discovery.DiscoveryClient    : Starting heartbeat executor: renew interval is: 30
2018-11-11 16:43:24.346  INFO 12144 --- [restartedMain] c.n.discovery.InstanceInfoReplicator     : InstanceInfoReplicator onDemand update allowed rate per min is 4
2018-11-11 16:43:24.346  INFO 12144 --- [restartedMain] com.netflix.discovery.DiscoveryClient    : Discovery Client initialized at timestamp 1541934804346 with initial instances count: 4
2018-11-11 16:43:24.596  INFO 12144 --- [restartedMain] o.s.b.w.servlet.FilterRegistrationBean   : Mapping filter: 'characterEncodingFilter' to: [/*]
2018-11-11 16:43:24.596  INFO 12144 --- [restartedMain] o.s.b.w.servlet.FilterRegistrationBean   : Mapping filter: 'webMvcMetricsFilter' to: [/*]
2018-11-11 16:43:24.612  INFO 12144 --- [restartedMain] o.s.b.w.servlet.FilterRegistrationBean   : Mapping filter: 'hiddenHttpMethodFilter' to: [/*]
2018-11-11 16:43:24.612  INFO 12144 --- [restartedMain] o.s.b.w.servlet.FilterRegistrationBean   : Mapping filter: 'formContentFilter' to: [/*]
2018-11-11 16:43:24.612  INFO 12144 --- [restartedMain] o.s.b.w.servlet.FilterRegistrationBean   : Mapping filter: 'requestContextFilter' to: [/*]
2018-11-11 16:43:24.612  INFO 12144 --- [restartedMain] o.s.b.w.servlet.FilterRegistrationBean   : Mapping filter: 'httpTraceFilter' to: [/*]
2018-11-11 16:43:24.612  INFO 12144 --- [restartedMain] o.s.b.w.servlet.ServletRegistrationBean  : Servlet dispatcherServlet mapped to [/]
2018-11-11 16:43:24.831  WARN 12144 --- [restartedMain] o.s.b.d.a.OptionalLiveReloadServer       : Unable to start LiveReload server
2018-11-11 16:43:24.925  WARN 12144 --- [restartedMain] c.n.c.sources.URLConfigurationSource     : No URLs will be polled as dynamic configuration sources.
2018-11-11 16:43:24.925  INFO 12144 --- [restartedMain] c.n.c.sources.URLConfigurationSource     : To enable URLs as dynamic configuration sources, define System property archaius.configurationSource.additionalUrls or make config.properties available on classpath.
2018-11-11 16:43:25.112  INFO 12144 --- [restartedMain] o.s.s.concurrent.ThreadPoolTaskExecutor  : Initializing ExecutorService 'applicationTaskExecutor'
2018-11-11 16:43:25.565  INFO 12144 --- [restartedMain] o.s.b.a.e.web.EndpointLinksResolver      : Exposing 2 endpoint(s) beneath base path '/actuator'
2018-11-11 16:43:25.659  INFO 12144 --- [restartedMain] o.s.c.n.e.s.EurekaServiceRegistry        : Registering application shape-service with eureka with status UP
2018-11-11 16:43:25.659  INFO 12144 --- [restartedMain] com.netflix.discovery.DiscoveryClient    : Saw local status change event StatusChangeEvent [timestamp=1541934805659, current=UP, previous=STARTING]
2018-11-11 16:43:25.659  INFO 12144 --- [DiscoveryClient-InstanceInfoReplicator-0] com.netflix.discovery.DiscoveryClient    : DiscoveryClient_SHAPE-SERVICE/9.85.73.253:shape-service:8200: registering service...
2018-11-11 16:43:25.733  INFO 12144 --- [DiscoveryClient-InstanceInfoReplicator-0] com.netflix.discovery.DiscoveryClient    : DiscoveryClient_SHAPE-SERVICE/9.85.73.253:shape-service:8200 - registration status: 204
2018-11-11 16:43:25.748  INFO 12144 --- [restartedMain] o.s.b.w.embedded.tomcat.TomcatWebServer  : Tomcat started on port(s): 8200 (http) with context path ''
2018-11-11 16:43:25.748  INFO 12144 --- [restartedMain] .s.c.n.e.s.EurekaAutoServiceRegistration : Updating port to 8200
2018-11-11 16:43:25.748  INFO 12144 --- [restartedMain] c.e.m.s.ShapeServiceApplication          : Started ShapeServiceApplication in 8.554 seconds (JVM running for 9.877)
2018-11-11 16:48:24.106  INFO 12144 --- [AsyncResolver-bootstrap-executor-0] c.n.d.s.r.aws.ConfigClusterResolver      : Resolving eureka endpoints via configuration
2018-11-11 16:53:24.125  INFO 12144 --- [AsyncResolver-bootstrap-executor-0] c.n.d.s.r.aws.ConfigClusterResolver      : Resolving eureka endpoints via configuration
2018-11-11 16:58:24.129  INFO 12144 --- [AsyncResolver-bootstrap-executor-0] c.n.d.s.r.aws.ConfigClusterResolver      : Resolving eureka endpoints via configuration
2018-11-11 17:03:24.135  INFO 12144 --- [AsyncResolver-bootstrap-executor-0] c.n.d.s.r.aws.ConfigClusterResolver      : Resolving eureka endpoints via configuration
2018-11-11 17:08:24.152  INFO 12144 --- [AsyncResolver-bootstrap-executor-0] c.n.d.s.r.aws.ConfigClusterResolver      : Resolving eureka endpoints via configuration
2018-11-11 17:13:24.165  INFO 12144 --- [AsyncResolver-bootstrap-executor-0] c.n.d.s.r.aws.ConfigClusterResolver      : Resolving eureka endpoints via configuration
2018-11-11 17:18:24.170  INFO 12144 --- [AsyncResolver-bootstrap-executor-0] c.n.d.s.r.aws.ConfigClusterResolver      : Resolving eureka endpoints via configuration
2018-11-11 17:23:24.174  INFO 12144 --- [AsyncResolver-bootstrap-executor-0] c.n.d.s.r.aws.ConfigClusterResolver      : Resolving eureka endpoints via configuration
2018-11-11 17:28:24.186  INFO 12144 --- [AsyncResolver-bootstrap-executor-0] c.n.d.s.r.aws.ConfigClusterResolver      : Resolving eureka endpoints via configuration
2018-11-11 17:33:24.189  INFO 12144 --- [AsyncResolver-bootstrap-executor-0] c.n.d.s.r.aws.ConfigClusterResolver      : Resolving eureka endpoints via configuration
2018-11-11 17:38:24.192  INFO 12144 --- [AsyncResolver-bootstrap-executor-0] c.n.d.s.r.aws.ConfigClusterResolver      : Resolving eureka endpoints via configuration
2018-11-11 17:43:24.194  INFO 12144 --- [AsyncResolver-bootstrap-executor-0] c.n.d.s.r.aws.ConfigClusterResolver      : Resolving eureka endpoints via configuration
2018-11-11 17:48:24.196  INFO 12144 --- [AsyncResolver-bootstrap-executor-0] c.n.d.s.r.aws.ConfigClusterResolver      : Resolving eureka endpoints via configuration
2018-11-11 17:53:24.200  INFO 12144 --- [AsyncResolver-bootstrap-executor-0] c.n.d.s.r.aws.ConfigClusterResolver      : Resolving eureka endpoints via configuration
2018-11-11 17:58:24.210  INFO 12144 --- [AsyncResolver-bootstrap-executor-0] c.n.d.s.r.aws.ConfigClusterResolver      : Resolving eureka endpoints via configuration
2018-11-11 18:03:24.214  INFO 12144 --- [AsyncResolver-bootstrap-executor-0] c.n.d.s.r.aws.ConfigClusterResolver      : Resolving eureka endpoints via configuration
2018-11-11 18:08:24.218  INFO 12144 --- [AsyncResolver-bootstrap-executor-0] c.n.d.s.r.aws.ConfigClusterResolver      : Resolving eureka endpoints via configuration
2018-11-11 18:13:24.221  INFO 12144 --- [AsyncResolver-bootstrap-executor-0] c.n.d.s.r.aws.ConfigClusterResolver      : Resolving eureka endpoints via configuration
2018-11-11 18:18:24.224  INFO 12144 --- [AsyncResolver-bootstrap-executor-0] c.n.d.s.r.aws.ConfigClusterResolver      : Resolving eureka endpoints via configuration
2018-11-11 18:23:24.227  INFO 12144 --- [AsyncResolver-bootstrap-executor-0] c.n.d.s.r.aws.ConfigClusterResolver      : Resolving eureka endpoints via configuration
2018-11-11 18:28:24.230  INFO 12144 --- [AsyncResolver-bootstrap-executor-0] c.n.d.s.r.aws.ConfigClusterResolver      : Resolving eureka endpoints via configuration
2018-11-11 18:29:56.688  INFO 12144 --- [RMI TCP Connection(115)-127.0.0.1] inMXBeanRegistrar$SpringApplicationAdmin : Application shutdown requested.
2018-11-11 18:29:56.717  INFO 12144 --- [RMI TCP Connection(115)-127.0.0.1] o.s.c.n.e.s.EurekaServiceRegistry        : Unregistering application shape-service with eureka with status DOWN
2018-11-11 18:29:56.723  WARN 12144 --- [RMI TCP Connection(115)-127.0.0.1] com.netflix.discovery.DiscoveryClient    : Saw local status change event StatusChangeEvent [timestamp=1541941196723, current=DOWN, previous=UP]
2018-11-11 18:29:56.724  INFO 12144 --- [DiscoveryClient-InstanceInfoReplicator-0] com.netflix.discovery.DiscoveryClient    : DiscoveryClient_SHAPE-SERVICE/9.85.73.253:shape-service:8200: registering service...
2018-11-11 18:29:56.840  INFO 12144 --- [RMI TCP Connection(115)-127.0.0.1] o.s.s.concurrent.ThreadPoolTaskExecutor  : Shutting down ExecutorService 'applicationTaskExecutor'
2018-11-11 18:29:56.895  INFO 12144 --- [RMI TCP Connection(115)-127.0.0.1] com.netflix.discovery.DiscoveryClient    : Shutting down DiscoveryClient ...
2018-11-11 18:29:56.916  WARN 12144 --- [RMI TCP Connection(115)-127.0.0.1] .s.c.a.CommonAnnotationBeanPostProcessor : Destroy method on bean with name 'scopedTarget.eurekaClient' threw an exception: org.springframework.beans.factory.BeanCreationNotAllowedException: Error creating bean with name 'eurekaInstanceConfigBean': Singleton bean creation not allowed while singletons of this factory are in destruction (Do not request a bean from a BeanFactory in a destroy method implementation!)
2018-11-11 18:29:57.259  INFO 12144 --- [RMI TCP Connection(115)-127.0.0.1] o.apache.catalina.core.StandardService   : Stopping service [Tomcat]
2018-11-11 18:29:57.301  WARN 12144 --- [RMI TCP Connection(115)-127.0.0.1] o.a.c.loader.WebappClassLoaderBase       : The web application [ROOT] appears to have started a thread named [Eureka-JerseyClient-Conn-Cleaner2] but has failed to stop it. This is very likely to create a memory leak. Stack trace of thread:
 sun.misc.Unsafe.park(Native Method)
 java.util.concurrent.locks.LockSupport.parkNanos(Unknown Source)
 java.util.concurrent.locks.AbstractQueuedSynchronizer$ConditionObject.awaitNanos(Unknown Source)
 java.util.concurrent.ScheduledThreadPoolExecutor$DelayedWorkQueue.take(Unknown Source)
 java.util.concurrent.ScheduledThreadPoolExecutor$DelayedWorkQueue.take(Unknown Source)
 java.util.concurrent.ThreadPoolExecutor.getTask(Unknown Source)
 java.util.concurrent.ThreadPoolExecutor.runWorker(Unknown Source)
 java.util.concurrent.ThreadPoolExecutor$Worker.run(Unknown Source)
 java.lang.Thread.run(Unknown Source)
2018-11-11 18:29:57.302  WARN 12144 --- [RMI TCP Connection(115)-127.0.0.1] o.a.c.loader.WebappClassLoaderBase       : The web application [ROOT] appears to have started a thread named [AsyncResolver-bootstrap-0] but has failed to stop it. This is very likely to create a memory leak. Stack trace of thread:
 sun.misc.Unsafe.park(Native Method)
 java.util.concurrent.locks.LockSupport.parkNanos(Unknown Source)
 java.util.concurrent.locks.AbstractQueuedSynchronizer$ConditionObject.awaitNanos(Unknown Source)
 java.util.concurrent.ScheduledThreadPoolExecutor$DelayedWorkQueue.take(Unknown Source)
 java.util.concurrent.ScheduledThreadPoolExecutor$DelayedWorkQueue.take(Unknown Source)
 java.util.concurrent.ThreadPoolExecutor.getTask(Unknown Source)
 java.util.concurrent.ThreadPoolExecutor.runWorker(Unknown Source)
 java.util.concurrent.ThreadPoolExecutor$Worker.run(Unknown Source)
 java.lang.Thread.run(Unknown Source)
2018-11-11 18:29:57.306  WARN 12144 --- [RMI TCP Connection(115)-127.0.0.1] o.a.c.loader.WebappClassLoaderBase       : The web application [ROOT] appears to have started a thread named [DiscoveryClient-0] but has failed to stop it. This is very likely to create a memory leak. Stack trace of thread:
 sun.misc.Unsafe.park(Native Method)
 java.util.concurrent.locks.LockSupport.park(Unknown Source)
 java.util.concurrent.locks.AbstractQueuedSynchronizer$ConditionObject.await(Unknown Source)
 java.util.concurrent.ScheduledThreadPoolExecutor$DelayedWorkQueue.take(Unknown Source)
 java.util.concurrent.ScheduledThreadPoolExecutor$DelayedWorkQueue.take(Unknown Source)
 java.util.concurrent.ThreadPoolExecutor.getTask(Unknown Source)
 java.util.concurrent.ThreadPoolExecutor.runWorker(Unknown Source)
 java.util.concurrent.ThreadPoolExecutor$Worker.run(Unknown Source)
 java.lang.Thread.run(Unknown Source)
2018-11-11 18:29:57.308  WARN 12144 --- [RMI TCP Connection(115)-127.0.0.1] o.a.c.loader.WebappClassLoaderBase       : The web application [ROOT] appears to have started a thread named [DiscoveryClient-1] but has failed to stop it. This is very likely to create a memory leak. Stack trace of thread:
 sun.misc.Unsafe.park(Native Method)
 java.util.concurrent.locks.LockSupport.parkNanos(Unknown Source)
 java.util.concurrent.locks.AbstractQueuedSynchronizer$ConditionObject.awaitNanos(Unknown Source)
 java.util.concurrent.ScheduledThreadPoolExecutor$DelayedWorkQueue.take(Unknown Source)
 java.util.concurrent.ScheduledThreadPoolExecutor$DelayedWorkQueue.take(Unknown Source)
 java.util.concurrent.ThreadPoolExecutor.getTask(Unknown Source)
 java.util.concurrent.ThreadPoolExecutor.runWorker(Unknown Source)
 java.util.concurrent.ThreadPoolExecutor$Worker.run(Unknown Source)
 java.lang.Thread.run(Unknown Source)
2018-11-11 18:29:57.310  WARN 12144 --- [RMI TCP Connection(115)-127.0.0.1] o.a.c.loader.WebappClassLoaderBase       : The web application [ROOT] appears to have started a thread named [DiscoveryClient-InstanceInfoReplicator-0] but has failed to stop it. This is very likely to create a memory leak. Stack trace of thread:
 java.net.DualStackPlainSocketImpl.waitForConnect(Native Method)
 java.net.DualStackPlainSocketImpl.socketConnect(Unknown Source)
 java.net.AbstractPlainSocketImpl.doConnect(Unknown Source)
 java.net.AbstractPlainSocketImpl.connectToAddress(Unknown Source)
 java.net.AbstractPlainSocketImpl.connect(Unknown Source)
 java.net.PlainSocketImpl.connect(Unknown Source)
 java.net.SocksSocketImpl.connect(Unknown Source)
 java.net.Socket.connect(Unknown Source)
 org.apache.http.conn.scheme.PlainSocketFactory.connectSocket(PlainSocketFactory.java:121)
 org.apache.http.impl.conn.DefaultClientConnectionOperator.openConnection(DefaultClientConnectionOperator.java:180)
 org.apache.http.impl.conn.AbstractPoolEntry.open(AbstractPoolEntry.java:144)
 org.apache.http.impl.conn.AbstractPooledConnAdapter.open(AbstractPooledConnAdapter.java:134)
 org.apache.http.impl.client.DefaultRequestDirector.tryConnect(DefaultRequestDirector.java:610)
 org.apache.http.impl.client.DefaultRequestDirector.execute(DefaultRequestDirector.java:445)
 org.apache.http.impl.client.AbstractHttpClient.doExecute(AbstractHttpClient.java:835)
 org.apache.http.impl.client.CloseableHttpClient.execute(CloseableHttpClient.java:118)
 org.apache.http.impl.client.CloseableHttpClient.execute(CloseableHttpClient.java:56)
 com.sun.jersey.client.apache4.ApacheHttpClient4Handler.handle(ApacheHttpClient4Handler.java:173)
 com.sun.jersey.api.client.filter.GZIPContentEncodingFilter.handle(GZIPContentEncodingFilter.java:123)
 com.netflix.discovery.EurekaIdentityHeaderFilter.handle(EurekaIdentityHeaderFilter.java:27)
 com.sun.jersey.api.client.Client.handle(Client.java:652)
 com.sun.jersey.api.client.WebResource.handle(WebResource.java:682)
 com.sun.jersey.api.client.WebResource.access$200(WebResource.java:74)
 com.sun.jersey.api.client.WebResource$Builder.post(WebResource.java:570)
 com.netflix.discovery.shared.transport.jersey.AbstractJerseyEurekaHttpClient.register(AbstractJerseyEurekaHttpClient.java:56)
 com.netflix.discovery.shared.transport.decorator.EurekaHttpClientDecorator$1.execute(EurekaHttpClientDecorator.java:59)
 com.netflix.discovery.shared.transport.decorator.MetricsCollectingEurekaHttpClient.execute(MetricsCollectingEurekaHttpClient.java:73)
 com.netflix.discovery.shared.transport.decorator.EurekaHttpClientDecorator.register(EurekaHttpClientDecorator.java:56)
 com.netflix.discovery.shared.transport.decorator.EurekaHttpClientDecorator$1.execute(EurekaHttpClientDecorator.java:59)
 com.netflix.discovery.shared.transport.decorator.RedirectingEurekaHttpClient.execute(RedirectingEurekaHttpClient.java:89)
 com.netflix.discovery.shared.transport.decorator.EurekaHttpClientDecorator.register(EurekaHttpClientDecorator.java:56)
 com.netflix.discovery.shared.transport.decorator.EurekaHttpClientDecorator$1.execute(EurekaHttpClientDecorator.java:59)
 com.netflix.discovery.shared.transport.decorator.RetryableEurekaHttpClient.execute(RetryableEurekaHttpClient.java:120)
 com.netflix.discovery.shared.transport.decorator.EurekaHttpClientDecorator.register(EurekaHttpClientDecorator.java:56)
 com.netflix.discovery.shared.transport.decorator.EurekaHttpClientDecorator$1.execute(EurekaHttpClientDecorator.java:59)
 com.netflix.discovery.shared.transport.decorator.SessionedEurekaHttpClient.execute(SessionedEurekaHttpClient.java:77)
 com.netflix.discovery.shared.transport.decorator.EurekaHttpClientDecorator.register(EurekaHttpClientDecorator.java:56)
 com.netflix.discovery.DiscoveryClient.register(DiscoveryClient.java:829)
 com.netflix.discovery.InstanceInfoReplicator.run(InstanceInfoReplicator.java:121)
 com.netflix.discovery.InstanceInfoReplicator$1.run(InstanceInfoReplicator.java:101)
 java.util.concurrent.Executors$RunnableAdapter.call(Unknown Source)
 java.util.concurrent.FutureTask.run(Unknown Source)
 java.util.concurrent.ScheduledThreadPoolExecutor$ScheduledFutureTask.access$201(Unknown Source)
 java.util.concurrent.ScheduledThreadPoolExecutor$ScheduledFutureTask.run(Unknown Source)
 java.util.concurrent.ThreadPoolExecutor.runWorker(Unknown Source)
 java.util.concurrent.ThreadPoolExecutor$Worker.run(Unknown Source)
 java.lang.Thread.run(Unknown Source)
2018-11-11 18:29:57.312  WARN 12144 --- [RMI TCP Connection(115)-127.0.0.1] o.a.c.loader.WebappClassLoaderBase       : The web application [ROOT] appears to have started a thread named [DiscoveryClient-CacheRefreshExecutor-0] but has failed to stop it. This is very likely to create a memory leak. Stack trace of thread:
 sun.misc.Unsafe.park(Native Method)
 java.util.concurrent.locks.LockSupport.park(Unknown Source)
 java.util.concurrent.SynchronousQueue$TransferStack.awaitFulfill(Unknown Source)
 java.util.concurrent.SynchronousQueue$TransferStack.transfer(Unknown Source)
 java.util.concurrent.SynchronousQueue.take(Unknown Source)
 java.util.concurrent.ThreadPoolExecutor.getTask(Unknown Source)
 java.util.concurrent.ThreadPoolExecutor.runWorker(Unknown Source)
 java.util.concurrent.ThreadPoolExecutor$Worker.run(Unknown Source)
 java.lang.Thread.run(Unknown Source)
2018-11-11 18:29:57.315  WARN 12144 --- [RMI TCP Connection(115)-127.0.0.1] o.a.c.loader.WebappClassLoaderBase       : The web application [ROOT] appears to have started a thread named [DiscoveryClient-HeartbeatExecutor-0] but has failed to stop it. This is very likely to create a memory leak. Stack trace of thread:
 sun.misc.Unsafe.park(Native Method)
 java.util.concurrent.locks.LockSupport.park(Unknown Source)
 java.util.concurrent.SynchronousQueue$TransferStack.awaitFulfill(Unknown Source)
 java.util.concurrent.SynchronousQueue$TransferStack.transfer(Unknown Source)
 java.util.concurrent.SynchronousQueue.take(Unknown Source)
 java.util.concurrent.ThreadPoolExecutor.getTask(Unknown Source)
 java.util.concurrent.ThreadPoolExecutor.runWorker(Unknown Source)
 java.util.concurrent.ThreadPoolExecutor$Worker.run(Unknown Source)
 java.lang.Thread.run(Unknown Source)
2018-11-11 18:29:57.316  WARN 12144 --- [RMI TCP Connection(115)-127.0.0.1] o.a.c.loader.WebappClassLoaderBase       : The web application [ROOT] appears to have started a thread named [AsyncResolver-bootstrap-executor-0] but has failed to stop it. This is very likely to create a memory leak. Stack trace of thread:
 sun.misc.Unsafe.park(Native Method)
 java.util.concurrent.locks.LockSupport.park(Unknown Source)
 java.util.concurrent.SynchronousQueue$TransferStack.awaitFulfill(Unknown Source)
 java.util.concurrent.SynchronousQueue$TransferStack.transfer(Unknown Source)
 java.util.concurrent.SynchronousQueue.take(Unknown Source)
 java.util.concurrent.ThreadPoolExecutor.getTask(Unknown Source)
 java.util.concurrent.ThreadPoolExecutor.runWorker(Unknown Source)
 java.util.concurrent.ThreadPoolExecutor$Worker.run(Unknown Source)
 java.lang.Thread.run(Unknown Source)
2018-11-11 18:35:52.582  INFO 15072 --- [restartedMain] c.e.m.s.ShapeServiceApplication          : No active profile set, falling back to default profiles: default
2018-11-11 18:35:53.692  WARN 15072 --- [restartedMain] o.s.boot.actuate.endpoint.EndpointId     : Endpoint ID 'service-registry' contains invalid characters, please migrate to a valid format.
2018-11-11 18:35:53.953  INFO 15072 --- [restartedMain] o.s.cloud.context.scope.GenericScope     : BeanFactory id=11359a10-2d69-3fbb-9de0-1a65d4142145
2018-11-11 18:35:54.062  INFO 15072 --- [restartedMain] trationDelegate$BeanPostProcessorChecker : Bean 'org.springframework.cloud.autoconfigure.ConfigurationPropertiesRebinderAutoConfiguration' of type [org.springframework.cloud.autoconfigure.ConfigurationPropertiesRebinderAutoConfiguration$$EnhancerBySpringCGLIB$$bfe4df2c] is not eligible for getting processed by all BeanPostProcessors (for example: not eligible for auto-proxying)
2018-11-11 18:35:54.623  INFO 15072 --- [restartedMain] o.s.b.w.embedded.tomcat.TomcatWebServer  : Tomcat initialized with port(s): 8200 (http)
2018-11-11 18:35:54.642  INFO 15072 --- [restartedMain] o.apache.catalina.core.StandardService   : Starting service [Tomcat]
2018-11-11 18:35:54.642  INFO 15072 --- [restartedMain] org.apache.catalina.core.StandardEngine  : Starting Servlet Engine: Apache Tomcat/9.0.12
2018-11-11 18:35:54.663  INFO 15072 --- [restartedMain] o.a.catalina.core.AprLifecycleListener   : The APR based Apache Tomcat Native library which allows optimal performance in production environments was not found on the java.library.path: [C:\Program Files\Java\jre1.8.0_191\bin;C:\WINDOWS\Sun\Java\bin;C:\WINDOWS\system32;C:\WINDOWS;C:/Program Files/Java/jre1.8.0_191/bin/server;C:/Program Files/Java/jre1.8.0_191/bin;C:/Program Files/Java/jre1.8.0_191/lib/amd64;C:\Program Files (x86)\Common Files\Oracle\Java\javapath;C:\WINDOWS\system32;C:\WINDOWS;C:\WINDOWS\System32\Wbem;C:\WINDOWS\System32\WindowsPowerShell\v1.0\;C:\Program Files\Java\jdk1.8.0_191\bin;C:\Users\TapojitBhattacharya\Softwares\apache-maven-3.5.2-bin\apache-maven-3.5.2\bin;C:\Program Files\IBM\Bluemix\bin;C:\WINDOWS\System32\OpenSSH\;C:\Program Files\Git\cmd;C:\Users\TapojitBhattacharya\AppData\Local\Microsoft\WindowsApps;C:\Program Files (x86)\CVSNT\;%USERPROFILE%\AppData\Local\Microsoft\WindowsApps;;C:\Users\TapojitBhattacharya\Documents\Personal\Softwares\sts-bundle\sts-3.9.6.RELEASE;;.]
2018-11-11 18:35:54.815  INFO 15072 --- [restartedMain] o.a.c.c.C.[Tomcat].[localhost].[/]       : Initializing Spring embedded WebApplicationContext
2018-11-11 18:35:54.825  INFO 15072 --- [restartedMain] o.s.web.context.ContextLoader            : Root WebApplicationContext: initialization completed in 2227 ms
2018-11-11 18:35:54.936  WARN 15072 --- [restartedMain] c.n.c.sources.URLConfigurationSource     : No URLs will be polled as dynamic configuration sources.
2018-11-11 18:35:54.936  INFO 15072 --- [restartedMain] c.n.c.sources.URLConfigurationSource     : To enable URLs as dynamic configuration sources, define System property archaius.configurationSource.additionalUrls or make config.properties available on classpath.
2018-11-11 18:35:54.967  INFO 15072 --- [restartedMain] c.netflix.config.DynamicPropertyFactory  : DynamicPropertyFactory is initialized with configuration sources: com.netflix.config.ConcurrentCompositeConfiguration@6514b930
2018-11-11 18:35:56.349  INFO 15072 --- [restartedMain] o.s.c.n.eureka.InstanceInfoFactory       : Setting initial instance status as: STARTING
2018-11-11 18:35:56.419  INFO 15072 --- [restartedMain] com.netflix.discovery.DiscoveryClient    : Initializing Eureka in region us-east-1
2018-11-11 18:35:56.957  INFO 15072 --- [restartedMain] c.n.d.provider.DiscoveryJerseyProvider   : Using JSON encoding codec LegacyJacksonJson
2018-11-11 18:35:56.957  INFO 15072 --- [restartedMain] c.n.d.provider.DiscoveryJerseyProvider   : Using JSON decoding codec LegacyJacksonJson
2018-11-11 18:35:57.114  INFO 15072 --- [restartedMain] c.n.d.provider.DiscoveryJerseyProvider   : Using XML encoding codec XStreamXml
2018-11-11 18:35:57.114  INFO 15072 --- [restartedMain] c.n.d.provider.DiscoveryJerseyProvider   : Using XML decoding codec XStreamXml
2018-11-11 18:35:57.426  INFO 15072 --- [restartedMain] c.n.d.s.r.aws.ConfigClusterResolver      : Resolving eureka endpoints via configuration
2018-11-11 18:35:57.734  INFO 15072 --- [restartedMain] com.netflix.discovery.DiscoveryClient    : Disable delta property : false
2018-11-11 18:35:57.734  INFO 15072 --- [restartedMain] com.netflix.discovery.DiscoveryClient    : Single vip registry refresh property : null
2018-11-11 18:35:57.734  INFO 15072 --- [restartedMain] com.netflix.discovery.DiscoveryClient    : Force full registry fetch : false
2018-11-11 18:35:57.734  INFO 15072 --- [restartedMain] com.netflix.discovery.DiscoveryClient    : Application is null : false
2018-11-11 18:35:57.734  INFO 15072 --- [restartedMain] com.netflix.discovery.DiscoveryClient    : Registered Applications size is zero : true
2018-11-11 18:35:57.734  INFO 15072 --- [restartedMain] com.netflix.discovery.DiscoveryClient    : Application version is -1: true
2018-11-11 18:35:57.734  INFO 15072 --- [restartedMain] com.netflix.discovery.DiscoveryClient    : Getting all instance registry info from the eureka server
2018-11-11 18:35:58.016  INFO 15072 --- [restartedMain] com.netflix.discovery.DiscoveryClient    : The response status is 200
2018-11-11 18:35:58.031  INFO 15072 --- [restartedMain] com.netflix.discovery.DiscoveryClient    : Starting heartbeat executor: renew interval is: 30
2018-11-11 18:35:58.031  INFO 15072 --- [restartedMain] c.n.discovery.InstanceInfoReplicator     : InstanceInfoReplicator onDemand update allowed rate per min is 4
2018-11-11 18:35:58.047  INFO 15072 --- [restartedMain] com.netflix.discovery.DiscoveryClient    : Discovery Client initialized at timestamp 1541941558047 with initial instances count: 2
2018-11-11 18:35:58.297  INFO 15072 --- [restartedMain] o.s.b.w.servlet.FilterRegistrationBean   : Mapping filter: 'characterEncodingFilter' to: [/*]
2018-11-11 18:35:58.297  INFO 15072 --- [restartedMain] o.s.b.w.servlet.FilterRegistrationBean   : Mapping filter: 'webMvcMetricsFilter' to: [/*]
2018-11-11 18:35:58.297  INFO 15072 --- [restartedMain] o.s.b.w.servlet.FilterRegistrationBean   : Mapping filter: 'hiddenHttpMethodFilter' to: [/*]
2018-11-11 18:35:58.297  INFO 15072 --- [restartedMain] o.s.b.w.servlet.FilterRegistrationBean   : Mapping filter: 'formContentFilter' to: [/*]
2018-11-11 18:35:58.297  INFO 15072 --- [restartedMain] o.s.b.w.servlet.FilterRegistrationBean   : Mapping filter: 'requestContextFilter' to: [/*]
2018-11-11 18:35:58.297  INFO 15072 --- [restartedMain] o.s.b.w.servlet.FilterRegistrationBean   : Mapping filter: 'httpTraceFilter' to: [/*]
2018-11-11 18:35:58.297  INFO 15072 --- [restartedMain] o.s.b.w.servlet.ServletRegistrationBean  : Servlet dispatcherServlet mapped to [/]
2018-11-11 18:35:58.560  WARN 15072 --- [restartedMain] o.s.b.d.a.OptionalLiveReloadServer       : Unable to start LiveReload server
2018-11-11 18:35:58.669  WARN 15072 --- [restartedMain] c.n.c.sources.URLConfigurationSource     : No URLs will be polled as dynamic configuration sources.
2018-11-11 18:35:58.669  INFO 15072 --- [restartedMain] c.n.c.sources.URLConfigurationSource     : To enable URLs as dynamic configuration sources, define System property archaius.configurationSource.additionalUrls or make config.properties available on classpath.
2018-11-11 18:35:58.873  INFO 15072 --- [restartedMain] o.s.s.concurrent.ThreadPoolTaskExecutor  : Initializing ExecutorService 'applicationTaskExecutor'
2018-11-11 18:35:59.326  INFO 15072 --- [restartedMain] o.s.b.a.e.web.EndpointLinksResolver      : Exposing 2 endpoint(s) beneath base path '/actuator'
2018-11-11 18:35:59.435  INFO 15072 --- [restartedMain] o.s.c.n.e.s.EurekaServiceRegistry        : Registering application shape-service with eureka with status UP
2018-11-11 18:35:59.435  INFO 15072 --- [restartedMain] com.netflix.discovery.DiscoveryClient    : Saw local status change event StatusChangeEvent [timestamp=1541941559435, current=UP, previous=STARTING]
2018-11-11 18:35:59.451  INFO 15072 --- [DiscoveryClient-InstanceInfoReplicator-0] com.netflix.discovery.DiscoveryClient    : DiscoveryClient_SHAPE-SERVICE/9.85.73.253:shape-service:8200: registering service...
2018-11-11 18:35:59.509  INFO 15072 --- [DiscoveryClient-InstanceInfoReplicator-0] com.netflix.discovery.DiscoveryClient    : DiscoveryClient_SHAPE-SERVICE/9.85.73.253:shape-service:8200 - registration status: 204
2018-11-11 18:35:59.556  INFO 15072 --- [restartedMain] o.s.b.w.embedded.tomcat.TomcatWebServer  : Tomcat started on port(s): 8200 (http) with context path ''
2018-11-11 18:35:59.556  INFO 15072 --- [restartedMain] .s.c.n.e.s.EurekaAutoServiceRegistration : Updating port to 8200
2018-11-11 18:35:59.556  INFO 15072 --- [restartedMain] c.e.m.s.ShapeServiceApplication          : Started ShapeServiceApplication in 9.145 seconds (JVM running for 10.48)
2018-11-11 18:40:57.755  INFO 15072 --- [AsyncResolver-bootstrap-executor-0] c.n.d.s.r.aws.ConfigClusterResolver      : Resolving eureka endpoints via configuration
2018-11-11 18:45:57.761  INFO 15072 --- [AsyncResolver-bootstrap-executor-0] c.n.d.s.r.aws.ConfigClusterResolver      : Resolving eureka endpoints via configuration
2018-11-11 18:50:57.769  INFO 15072 --- [AsyncResolver-bootstrap-executor-0] c.n.d.s.r.aws.ConfigClusterResolver      : Resolving eureka endpoints via configuration
2018-11-11 18:55:57.771  INFO 15072 --- [AsyncResolver-bootstrap-executor-0] c.n.d.s.r.aws.ConfigClusterResolver      : Resolving eureka endpoints via configuration
2018-11-11 18:57:22.075  INFO 15072 --- [http-nio-8200-exec-2] o.a.c.c.C.[Tomcat].[localhost].[/]       : Initializing Spring DispatcherServlet 'dispatcherServlet'
2018-11-11 18:57:22.078  INFO 15072 --- [http-nio-8200-exec-2] o.s.web.servlet.DispatcherServlet        : Initializing Servlet 'dispatcherServlet'
2018-11-11 18:57:22.135  INFO 15072 --- [http-nio-8200-exec-2] o.s.web.servlet.DispatcherServlet        : Completed initialization in 56 ms
2018-11-11 18:57:22.664  INFO 15072 --- [http-nio-8200-exec-2] c.netflix.config.ChainedDynamicProperty  : Flipping property: area-service.ribbon.ActiveConnectionsLimit to use NEXT property: niws.loadbalancer.availabilityFilteringRule.activeConnectionsLimit = 2147483647
2018-11-11 18:57:22.682  INFO 15072 --- [http-nio-8200-exec-2] c.n.u.concurrent.ShutdownEnabledTimer    : Shutdown hook installed for: NFLoadBalancer-PingTimer-area-service
2018-11-11 18:57:22.736  INFO 15072 --- [http-nio-8200-exec-2] c.netflix.loadbalancer.BaseLoadBalancer  : Client: area-service instantiated a LoadBalancer: DynamicServerListLoadBalancer:{NFLoadBalancer:name=area-service,current list of Servers=[],Load balancer stats=Zone stats: {},Server stats: []}ServerList:null
2018-11-11 18:57:22.748  INFO 15072 --- [http-nio-8200-exec-2] c.n.l.DynamicServerListLoadBalancer      : Using serverListUpdater PollingServerListUpdater
2018-11-11 18:57:22.797  INFO 15072 --- [http-nio-8200-exec-2] c.netflix.config.ChainedDynamicProperty  : Flipping property: area-service.ribbon.ActiveConnectionsLimit to use NEXT property: niws.loadbalancer.availabilityFilteringRule.activeConnectionsLimit = 2147483647
2018-11-11 18:57:22.800  INFO 15072 --- [http-nio-8200-exec-2] c.n.l.DynamicServerListLoadBalancer      : DynamicServerListLoadBalancer for client area-service initialized: DynamicServerListLoadBalancer:{NFLoadBalancer:name=area-service,current list of Servers=[9.85.73.253:8000, 9.85.73.253:8001],Load balancer stats=Zone stats: {defaultzone=[Zone:defaultzone;	Instance count:2;	Active connections count: 0;	Circuit breaker tripped count: 0;	Active connections per server: 0.0;]
},Server stats: [[Server:9.85.73.253:8001;	Zone:defaultZone;	Total Requests:0;	Successive connection failure:0;	Total blackout seconds:0;	Last connection made:Thu Jan 01 05:30:00 IST 1970;	First connection made: Thu Jan 01 05:30:00 IST 1970;	Active Connections:0;	total failure count in last (1000) msecs:0;	average resp time:0.0;	90 percentile resp time:0.0;	95 percentile resp time:0.0;	min resp time:0.0;	max resp time:0.0;	stddev resp time:0.0]
, [Server:9.85.73.253:8000;	Zone:defaultZone;	Total Requests:0;	Successive connection failure:0;	Total blackout seconds:0;	Last connection made:Thu Jan 01 05:30:00 IST 1970;	First connection made: Thu Jan 01 05:30:00 IST 1970;	Active Connections:0;	total failure count in last (1000) msecs:0;	average resp time:0.0;	90 percentile resp time:0.0;	95 percentile resp time:0.0;	min resp time:0.0;	max resp time:0.0;	stddev resp time:0.0]
]}ServerList:org.springframework.cloud.netflix.ribbon.eureka.DomainExtractingServerList@533dc5f
2018-11-11 18:57:23.302  INFO 15072 --- [http-nio-8200-exec-2] c.netflix.config.ChainedDynamicProperty  : Flipping property: perimeter-service.ribbon.ActiveConnectionsLimit to use NEXT property: niws.loadbalancer.availabilityFilteringRule.activeConnectionsLimit = 2147483647
2018-11-11 18:57:23.307  INFO 15072 --- [http-nio-8200-exec-2] c.n.u.concurrent.ShutdownEnabledTimer    : Shutdown hook installed for: NFLoadBalancer-PingTimer-perimeter-service
2018-11-11 18:57:23.308  INFO 15072 --- [http-nio-8200-exec-2] c.netflix.loadbalancer.BaseLoadBalancer  : Client: perimeter-service instantiated a LoadBalancer: DynamicServerListLoadBalancer:{NFLoadBalancer:name=perimeter-service,current list of Servers=[],Load balancer stats=Zone stats: {},Server stats: []}ServerList:null
2018-11-11 18:57:23.310  INFO 15072 --- [http-nio-8200-exec-2] c.n.l.DynamicServerListLoadBalancer      : Using serverListUpdater PollingServerListUpdater
2018-11-11 18:57:23.312  INFO 15072 --- [http-nio-8200-exec-2] c.netflix.config.ChainedDynamicProperty  : Flipping property: perimeter-service.ribbon.ActiveConnectionsLimit to use NEXT property: niws.loadbalancer.availabilityFilteringRule.activeConnectionsLimit = 2147483647
2018-11-11 18:57:23.315  INFO 15072 --- [http-nio-8200-exec-2] c.n.l.DynamicServerListLoadBalancer      : DynamicServerListLoadBalancer for client perimeter-service initialized: DynamicServerListLoadBalancer:{NFLoadBalancer:name=perimeter-service,current list of Servers=[9.85.73.253:8101, 9.85.73.253:8100],Load balancer stats=Zone stats: {defaultzone=[Zone:defaultzone;	Instance count:2;	Active connections count: 0;	Circuit breaker tripped count: 0;	Active connections per server: 0.0;]
},Server stats: [[Server:9.85.73.253:8101;	Zone:defaultZone;	Total Requests:0;	Successive connection failure:0;	Total blackout seconds:0;	Last connection made:Thu Jan 01 05:30:00 IST 1970;	First connection made: Thu Jan 01 05:30:00 IST 1970;	Active Connections:0;	total failure count in last (1000) msecs:0;	average resp time:0.0;	90 percentile resp time:0.0;	95 percentile resp time:0.0;	min resp time:0.0;	max resp time:0.0;	stddev resp time:0.0]
, [Server:9.85.73.253:8100;	Zone:defaultZone;	Total Requests:0;	Successive connection failure:0;	Total blackout seconds:0;	Last connection made:Thu Jan 01 05:30:00 IST 1970;	First connection made: Thu Jan 01 05:30:00 IST 1970;	Active Connections:0;	total failure count in last (1000) msecs:0;	average resp time:0.0;	90 percentile resp time:0.0;	95 percentile resp time:0.0;	min resp time:0.0;	max resp time:0.0;	stddev resp time:0.0]
]}ServerList:org.springframework.cloud.netflix.ribbon.eureka.DomainExtractingServerList@7fe9acd7
2018-11-11 18:57:23.717  INFO 15072 --- [http-nio-8200-exec-2] c.e.m.s.c.ShapeServiceController         : ShapeServiceController.getShapeDetailsFeign---> {}
2018-11-11 18:57:23.758  INFO 15072 --- [PollingServerListUpdater-0] c.netflix.config.ChainedDynamicProperty  : Flipping property: area-service.ribbon.ActiveConnectionsLimit to use NEXT property: niws.loadbalancer.availabilityFilteringRule.activeConnectionsLimit = 2147483647
2018-11-11 18:57:24.317  INFO 15072 --- [PollingServerListUpdater-1] c.netflix.config.ChainedDynamicProperty  : Flipping property: perimeter-service.ribbon.ActiveConnectionsLimit to use NEXT property: niws.loadbalancer.availabilityFilteringRule.activeConnectionsLimit = 2147483647
2018-11-11 18:57:47.699  INFO 15072 --- [http-nio-8200-exec-4] c.e.m.s.c.ShapeServiceController         : ShapeServiceController.getShapeDetailsFeign---> {}
2018-11-11 18:58:10.343  INFO 15072 --- [http-nio-8200-exec-5] c.e.m.s.c.ShapeServiceController         : ShapeServiceController.getShapeDetailsFeign---> {}
2018-11-11 18:58:12.293  INFO 15072 --- [http-nio-8200-exec-3] c.e.m.s.c.ShapeServiceController         : ShapeServiceController.getShapeDetailsFeign---> {}
2018-11-11 18:58:13.609  INFO 15072 --- [http-nio-8200-exec-6] c.e.m.s.c.ShapeServiceController         : ShapeServiceController.getShapeDetailsFeign---> {}
2018-11-11 18:58:15.330  INFO 15072 --- [http-nio-8200-exec-10] c.e.m.s.c.ShapeServiceController         : ShapeServiceController.getShapeDetailsFeign---> {}
2018-11-11 18:58:19.559  INFO 15072 --- [http-nio-8200-exec-7] c.e.m.s.c.ShapeServiceController         : ShapeServiceController.getShapeDetailsFeign---> {}
2018-11-11 19:00:57.774  INFO 15072 --- [AsyncResolver-bootstrap-executor-0] c.n.d.s.r.aws.ConfigClusterResolver      : Resolving eureka endpoints via configuration
2018-11-11 19:05:57.775  INFO 15072 --- [AsyncResolver-bootstrap-executor-0] c.n.d.s.r.aws.ConfigClusterResolver      : Resolving eureka endpoints via configuration
2018-11-11 19:10:57.779  INFO 15072 --- [AsyncResolver-bootstrap-executor-0] c.n.d.s.r.aws.ConfigClusterResolver      : Resolving eureka endpoints via configuration
2018-11-11 19:15:57.781  INFO 15072 --- [AsyncResolver-bootstrap-executor-0] c.n.d.s.r.aws.ConfigClusterResolver      : Resolving eureka endpoints via configuration
2018-11-11 19:20:57.783  INFO 15072 --- [AsyncResolver-bootstrap-executor-0] c.n.d.s.r.aws.ConfigClusterResolver      : Resolving eureka endpoints via configuration
2018-11-11 19:25:57.786  INFO 15072 --- [AsyncResolver-bootstrap-executor-0] c.n.d.s.r.aws.ConfigClusterResolver      : Resolving eureka endpoints via configuration
2018-11-11 19:29:04.271  INFO 15072 --- [http-nio-8200-exec-8] c.e.m.s.c.ShapeServiceController         : ShapeServiceController.getShapeDetailsFeign---> {}
2018-11-11 19:29:06.690  INFO 15072 --- [http-nio-8200-exec-1] c.e.m.s.c.ShapeServiceController         : ShapeServiceController.getShapeDetailsFeign---> {}
2018-11-11 19:30:57.789  INFO 15072 --- [AsyncResolver-bootstrap-executor-0] c.n.d.s.r.aws.ConfigClusterResolver      : Resolving eureka endpoints via configuration
2018-11-11 19:35:57.792  INFO 15072 --- [AsyncResolver-bootstrap-executor-0] c.n.d.s.r.aws.ConfigClusterResolver      : Resolving eureka endpoints via configuration
2018-11-11 19:40:57.795  INFO 15072 --- [AsyncResolver-bootstrap-executor-0] c.n.d.s.r.aws.ConfigClusterResolver      : Resolving eureka endpoints via configuration
2018-11-11 19:45:57.799  INFO 15072 --- [AsyncResolver-bootstrap-executor-0] c.n.d.s.r.aws.ConfigClusterResolver      : Resolving eureka endpoints via configuration
2018-11-11 19:50:57.800  INFO 15072 --- [AsyncResolver-bootstrap-executor-0] c.n.d.s.r.aws.ConfigClusterResolver      : Resolving eureka endpoints via configuration
2018-11-11 19:55:57.804  INFO 15072 --- [AsyncResolver-bootstrap-executor-0] c.n.d.s.r.aws.ConfigClusterResolver      : Resolving eureka endpoints via configuration
2018-11-11 20:00:57.807  INFO 15072 --- [AsyncResolver-bootstrap-executor-0] c.n.d.s.r.aws.ConfigClusterResolver      : Resolving eureka endpoints via configuration
2018-11-11 20:05:57.819  INFO 15072 --- [AsyncResolver-bootstrap-executor-0] c.n.d.s.r.aws.ConfigClusterResolver      : Resolving eureka endpoints via configuration
2018-11-11 20:10:57.826  INFO 15072 --- [AsyncResolver-bootstrap-executor-0] c.n.d.s.r.aws.ConfigClusterResolver      : Resolving eureka endpoints via configuration
2018-11-11 20:15:57.830  INFO 15072 --- [AsyncResolver-bootstrap-executor-0] c.n.d.s.r.aws.ConfigClusterResolver      : Resolving eureka endpoints via configuration
2018-11-11 20:20:57.840  INFO 15072 --- [AsyncResolver-bootstrap-executor-0] c.n.d.s.r.aws.ConfigClusterResolver      : Resolving eureka endpoints via configuration
2018-11-11 20:25:57.843  INFO 15072 --- [AsyncResolver-bootstrap-executor-0] c.n.d.s.r.aws.ConfigClusterResolver      : Resolving eureka endpoints via configuration
