2018-11-12 10:44:07.517  INFO 5060 --- [restartedMain] c.e.m.p.PerimeterServiceApplication      : No active profile set, falling back to default profiles: default
2018-11-12 10:44:08.618  WARN 5060 --- [restartedMain] o.s.boot.actuate.endpoint.EndpointId     : Endpoint ID 'service-registry' contains invalid characters, please migrate to a valid format.
2018-11-12 10:44:08.871  INFO 5060 --- [restartedMain] o.s.cloud.context.scope.GenericScope     : BeanFactory id=6a90b0c4-23c3-3aa7-8e00-919045d1b563
2018-11-12 10:44:08.994  INFO 5060 --- [restartedMain] trationDelegate$BeanPostProcessorChecker : Bean 'org.springframework.cloud.autoconfigure.ConfigurationPropertiesRebinderAutoConfiguration' of type [org.springframework.cloud.autoconfigure.ConfigurationPropertiesRebinderAutoConfiguration$$EnhancerBySpringCGLIB$$f4ead4f3] is not eligible for getting processed by all BeanPostProcessors (for example: not eligible for auto-proxying)
2018-11-12 10:44:09.582  INFO 5060 --- [restartedMain] o.s.b.w.embedded.tomcat.TomcatWebServer  : Tomcat initialized with port(s): 8100 (http)
2018-11-12 10:44:09.603  INFO 5060 --- [restartedMain] o.apache.catalina.core.StandardService   : Starting service [Tomcat]
2018-11-12 10:44:09.603  INFO 5060 --- [restartedMain] org.apache.catalina.core.StandardEngine  : Starting Servlet Engine: Apache Tomcat/9.0.12
2018-11-12 10:44:09.612  INFO 5060 --- [restartedMain] o.a.catalina.core.AprLifecycleListener   : The APR based Apache Tomcat Native library which allows optimal performance in production environments was not found on the java.library.path: [C:\Program Files\Java\jre1.8.0_191\bin;C:\WINDOWS\Sun\Java\bin;C:\WINDOWS\system32;C:\WINDOWS;C:/Program Files/Java/jre1.8.0_191/bin/server;C:/Program Files/Java/jre1.8.0_191/bin;C:/Program Files/Java/jre1.8.0_191/lib/amd64;C:\Program Files (x86)\Common Files\Oracle\Java\javapath;C:\WINDOWS\system32;C:\WINDOWS;C:\WINDOWS\System32\Wbem;C:\WINDOWS\System32\WindowsPowerShell\v1.0\;C:\Program Files\Java\jdk1.8.0_191\bin;C:\Users\TapojitBhattacharya\Softwares\apache-maven-3.5.2-bin\apache-maven-3.5.2\bin;C:\Program Files\IBM\Bluemix\bin;C:\WINDOWS\System32\OpenSSH\;C:\Program Files\Git\cmd;C:\Users\TapojitBhattacharya\AppData\Local\Microsoft\WindowsApps;C:\Program Files (x86)\CVSNT\;%USERPROFILE%\AppData\Local\Microsoft\WindowsApps;;C:\Users\TapojitBhattacharya\Documents\Personal\Softwares\sts-4.0.1.RELEASE;;.]
2018-11-12 10:44:09.790  INFO 5060 --- [restartedMain] o.a.c.c.C.[Tomcat].[localhost].[/]       : Initializing Spring embedded WebApplicationContext
2018-11-12 10:44:09.792  INFO 5060 --- [restartedMain] o.s.web.context.ContextLoader            : Root WebApplicationContext: initialization completed in 2250 ms
2018-11-12 10:44:09.947  WARN 5060 --- [restartedMain] c.n.c.sources.URLConfigurationSource     : No URLs will be polled as dynamic configuration sources.
2018-11-12 10:44:09.950  INFO 5060 --- [restartedMain] c.n.c.sources.URLConfigurationSource     : To enable URLs as dynamic configuration sources, define System property archaius.configurationSource.additionalUrls or make config.properties available on classpath.
2018-11-12 10:44:09.968  INFO 5060 --- [restartedMain] c.netflix.config.DynamicPropertyFactory  : DynamicPropertyFactory is initialized with configuration sources: com.netflix.config.ConcurrentCompositeConfiguration@26c067c1
2018-11-12 10:44:11.592  INFO 5060 --- [restartedMain] o.s.cloud.commons.util.InetUtils         : Cannot determine local hostname
2018-11-12 10:44:13.055  INFO 5060 --- [restartedMain] o.s.cloud.commons.util.InetUtils         : Cannot determine local hostname
2018-11-12 10:44:13.305  INFO 5060 --- [restartedMain] o.s.c.n.eureka.InstanceInfoFactory       : Setting initial instance status as: STARTING
2018-11-12 10:44:13.354  INFO 5060 --- [restartedMain] com.netflix.discovery.DiscoveryClient    : Initializing Eureka in region us-east-1
2018-11-12 10:44:13.841  INFO 5060 --- [restartedMain] c.n.d.provider.DiscoveryJerseyProvider   : Using JSON encoding codec LegacyJacksonJson
2018-11-12 10:44:13.841  INFO 5060 --- [restartedMain] c.n.d.provider.DiscoveryJerseyProvider   : Using JSON decoding codec LegacyJacksonJson
2018-11-12 10:44:14.014  INFO 5060 --- [restartedMain] c.n.d.provider.DiscoveryJerseyProvider   : Using XML encoding codec XStreamXml
2018-11-12 10:44:14.015  INFO 5060 --- [restartedMain] c.n.d.provider.DiscoveryJerseyProvider   : Using XML decoding codec XStreamXml
2018-11-12 10:44:14.342  INFO 5060 --- [restartedMain] c.n.d.s.r.aws.ConfigClusterResolver      : Resolving eureka endpoints via configuration
2018-11-12 10:44:14.638  INFO 5060 --- [restartedMain] com.netflix.discovery.DiscoveryClient    : Disable delta property : false
2018-11-12 10:44:14.639  INFO 5060 --- [restartedMain] com.netflix.discovery.DiscoveryClient    : Single vip registry refresh property : null
2018-11-12 10:44:14.640  INFO 5060 --- [restartedMain] com.netflix.discovery.DiscoveryClient    : Force full registry fetch : false
2018-11-12 10:44:14.641  INFO 5060 --- [restartedMain] com.netflix.discovery.DiscoveryClient    : Application is null : false
2018-11-12 10:44:14.642  INFO 5060 --- [restartedMain] com.netflix.discovery.DiscoveryClient    : Registered Applications size is zero : true
2018-11-12 10:44:14.642  INFO 5060 --- [restartedMain] com.netflix.discovery.DiscoveryClient    : Application version is -1: true
2018-11-12 10:44:14.642  INFO 5060 --- [restartedMain] com.netflix.discovery.DiscoveryClient    : Getting all instance registry info from the eureka server
2018-11-12 10:44:14.934  INFO 5060 --- [restartedMain] com.netflix.discovery.DiscoveryClient    : The response status is 200
2018-11-12 10:44:14.940  INFO 5060 --- [restartedMain] com.netflix.discovery.DiscoveryClient    : Starting heartbeat executor: renew interval is: 30
2018-11-12 10:44:14.945  INFO 5060 --- [restartedMain] c.n.discovery.InstanceInfoReplicator     : InstanceInfoReplicator onDemand update allowed rate per min is 4
2018-11-12 10:44:14.954  INFO 5060 --- [restartedMain] com.netflix.discovery.DiscoveryClient    : Discovery Client initialized at timestamp 1541999654952 with initial instances count: 3
2018-11-12 10:44:15.262  INFO 5060 --- [restartedMain] o.s.b.w.servlet.FilterRegistrationBean   : Mapping filter: 'characterEncodingFilter' to: [/*]
2018-11-12 10:44:15.263  INFO 5060 --- [restartedMain] o.s.b.w.servlet.FilterRegistrationBean   : Mapping filter: 'webMvcMetricsFilter' to: [/*]
2018-11-12 10:44:15.263  INFO 5060 --- [restartedMain] o.s.b.w.servlet.FilterRegistrationBean   : Mapping filter: 'hiddenHttpMethodFilter' to: [/*]
2018-11-12 10:44:15.263  INFO 5060 --- [restartedMain] o.s.b.w.servlet.FilterRegistrationBean   : Mapping filter: 'formContentFilter' to: [/*]
2018-11-12 10:44:15.263  INFO 5060 --- [restartedMain] o.s.b.w.servlet.FilterRegistrationBean   : Mapping filter: 'requestContextFilter' to: [/*]
2018-11-12 10:44:15.263  INFO 5060 --- [restartedMain] o.s.b.w.servlet.FilterRegistrationBean   : Mapping filter: 'httpTraceFilter' to: [/*]
2018-11-12 10:44:15.263  INFO 5060 --- [restartedMain] o.s.b.w.servlet.ServletRegistrationBean  : Servlet dispatcherServlet mapped to [/]
2018-11-12 10:44:15.322  WARN 5060 --- [restartedMain] c.n.c.sources.URLConfigurationSource     : No URLs will be polled as dynamic configuration sources.
2018-11-12 10:44:15.324  INFO 5060 --- [restartedMain] c.n.c.sources.URLConfigurationSource     : To enable URLs as dynamic configuration sources, define System property archaius.configurationSource.additionalUrls or make config.properties available on classpath.
2018-11-12 10:44:15.594  INFO 5060 --- [restartedMain] o.s.s.concurrent.ThreadPoolTaskExecutor  : Initializing ExecutorService 'applicationTaskExecutor'
2018-11-12 10:44:16.149  WARN 5060 --- [restartedMain] o.s.b.d.a.OptionalLiveReloadServer       : Unable to start LiveReload server
2018-11-12 10:44:16.213  INFO 5060 --- [restartedMain] o.s.b.a.e.web.EndpointLinksResolver      : Exposing 2 endpoint(s) beneath base path '/actuator'
2018-11-12 10:44:16.336  INFO 5060 --- [restartedMain] o.s.c.n.e.s.EurekaServiceRegistry        : Registering application perimeter-service with eureka with status UP
2018-11-12 10:44:16.337  INFO 5060 --- [restartedMain] com.netflix.discovery.DiscoveryClient    : Saw local status change event StatusChangeEvent [timestamp=1541999656337, current=UP, previous=STARTING]
2018-11-12 10:44:16.340  INFO 5060 --- [DiscoveryClient-InstanceInfoReplicator-0] com.netflix.discovery.DiscoveryClient    : DiscoveryClient_PERIMETER-SERVICE/localhost:perimeter-service:8100: registering service...
2018-11-12 10:44:16.398  INFO 5060 --- [DiscoveryClient-InstanceInfoReplicator-0] com.netflix.discovery.DiscoveryClient    : DiscoveryClient_PERIMETER-SERVICE/localhost:perimeter-service:8100 - registration status: 204
2018-11-12 10:44:16.439  INFO 5060 --- [restartedMain] o.s.b.w.embedded.tomcat.TomcatWebServer  : Tomcat started on port(s): 8100 (http) with context path ''
2018-11-12 10:44:16.441  INFO 5060 --- [restartedMain] .s.c.n.e.s.EurekaAutoServiceRegistration : Updating port to 8100
2018-11-12 10:44:16.444  INFO 5060 --- [restartedMain] c.e.m.p.PerimeterServiceApplication      : Started PerimeterServiceApplication in 12.746 seconds (JVM running for 14.032)
2018-11-12 10:49:14.648  INFO 5060 --- [AsyncResolver-bootstrap-executor-0] c.n.d.s.r.aws.ConfigClusterResolver      : Resolving eureka endpoints via configuration
2018-11-12 10:49:42.256  INFO 11008 --- [restartedMain] c.e.m.p.PerimeterServiceApplication      : No active profile set, falling back to default profiles: default
2018-11-12 10:49:43.283  WARN 11008 --- [restartedMain] o.s.boot.actuate.endpoint.EndpointId     : Endpoint ID 'service-registry' contains invalid characters, please migrate to a valid format.
2018-11-12 10:49:43.496  INFO 11008 --- [restartedMain] o.s.cloud.context.scope.GenericScope     : BeanFactory id=6a90b0c4-23c3-3aa7-8e00-919045d1b563
2018-11-12 10:49:43.616  INFO 11008 --- [restartedMain] trationDelegate$BeanPostProcessorChecker : Bean 'org.springframework.cloud.autoconfigure.ConfigurationPropertiesRebinderAutoConfiguration' of type [org.springframework.cloud.autoconfigure.ConfigurationPropertiesRebinderAutoConfiguration$$EnhancerBySpringCGLIB$$959f7862] is not eligible for getting processed by all BeanPostProcessors (for example: not eligible for auto-proxying)
2018-11-12 10:49:44.242  INFO 11008 --- [restartedMain] o.s.b.w.embedded.tomcat.TomcatWebServer  : Tomcat initialized with port(s): 8101 (http)
2018-11-12 10:49:44.268  INFO 11008 --- [restartedMain] o.apache.catalina.core.StandardService   : Starting service [Tomcat]
2018-11-12 10:49:44.268  INFO 11008 --- [restartedMain] org.apache.catalina.core.StandardEngine  : Starting Servlet Engine: Apache Tomcat/9.0.12
2018-11-12 10:49:44.279  INFO 11008 --- [restartedMain] o.a.catalina.core.AprLifecycleListener   : The APR based Apache Tomcat Native library which allows optimal performance in production environments was not found on the java.library.path: [C:\Program Files\Java\jre1.8.0_191\bin;C:\WINDOWS\Sun\Java\bin;C:\WINDOWS\system32;C:\WINDOWS;C:/Program Files/Java/jre1.8.0_191/bin/server;C:/Program Files/Java/jre1.8.0_191/bin;C:/Program Files/Java/jre1.8.0_191/lib/amd64;C:\Program Files (x86)\Common Files\Oracle\Java\javapath;C:\WINDOWS\system32;C:\WINDOWS;C:\WINDOWS\System32\Wbem;C:\WINDOWS\System32\WindowsPowerShell\v1.0\;C:\Program Files\Java\jdk1.8.0_191\bin;C:\Users\TapojitBhattacharya\Softwares\apache-maven-3.5.2-bin\apache-maven-3.5.2\bin;C:\Program Files\IBM\Bluemix\bin;C:\WINDOWS\System32\OpenSSH\;C:\Program Files\Git\cmd;C:\Users\TapojitBhattacharya\AppData\Local\Microsoft\WindowsApps;C:\Program Files (x86)\CVSNT\;%USERPROFILE%\AppData\Local\Microsoft\WindowsApps;;C:\Users\TapojitBhattacharya\Documents\Personal\Softwares\sts-4.0.1.RELEASE;;.]
2018-11-12 10:49:44.474  INFO 11008 --- [restartedMain] o.a.c.c.C.[Tomcat].[localhost].[/]       : Initializing Spring embedded WebApplicationContext
2018-11-12 10:49:44.475  INFO 11008 --- [restartedMain] o.s.web.context.ContextLoader            : Root WebApplicationContext: initialization completed in 2205 ms
2018-11-12 10:49:44.642  WARN 11008 --- [restartedMain] c.n.c.sources.URLConfigurationSource     : No URLs will be polled as dynamic configuration sources.
2018-11-12 10:49:44.643  INFO 11008 --- [restartedMain] c.n.c.sources.URLConfigurationSource     : To enable URLs as dynamic configuration sources, define System property archaius.configurationSource.additionalUrls or make config.properties available on classpath.
2018-11-12 10:49:44.667  INFO 11008 --- [restartedMain] c.netflix.config.DynamicPropertyFactory  : DynamicPropertyFactory is initialized with configuration sources: com.netflix.config.ConcurrentCompositeConfiguration@46a0edc
2018-11-12 10:49:45.717  INFO 11008 --- [restartedMain] o.s.c.n.eureka.InstanceInfoFactory       : Setting initial instance status as: STARTING
2018-11-12 10:49:45.919  INFO 11008 --- [restartedMain] com.netflix.discovery.DiscoveryClient    : Initializing Eureka in region us-east-1
2018-11-12 10:49:46.367  INFO 11008 --- [restartedMain] c.n.d.provider.DiscoveryJerseyProvider   : Using JSON encoding codec LegacyJacksonJson
2018-11-12 10:49:46.368  INFO 11008 --- [restartedMain] c.n.d.provider.DiscoveryJerseyProvider   : Using JSON decoding codec LegacyJacksonJson
2018-11-12 10:49:46.534  INFO 11008 --- [restartedMain] c.n.d.provider.DiscoveryJerseyProvider   : Using XML encoding codec XStreamXml
2018-11-12 10:49:46.536  INFO 11008 --- [restartedMain] c.n.d.provider.DiscoveryJerseyProvider   : Using XML decoding codec XStreamXml
2018-11-12 10:49:46.843  INFO 11008 --- [restartedMain] c.n.d.s.r.aws.ConfigClusterResolver      : Resolving eureka endpoints via configuration
2018-11-12 10:49:47.116  INFO 11008 --- [restartedMain] com.netflix.discovery.DiscoveryClient    : Disable delta property : false
2018-11-12 10:49:47.117  INFO 11008 --- [restartedMain] com.netflix.discovery.DiscoveryClient    : Single vip registry refresh property : null
2018-11-12 10:49:47.118  INFO 11008 --- [restartedMain] com.netflix.discovery.DiscoveryClient    : Force full registry fetch : false
2018-11-12 10:49:47.118  INFO 11008 --- [restartedMain] com.netflix.discovery.DiscoveryClient    : Application is null : false
2018-11-12 10:49:47.120  INFO 11008 --- [restartedMain] com.netflix.discovery.DiscoveryClient    : Registered Applications size is zero : true
2018-11-12 10:49:47.120  INFO 11008 --- [restartedMain] com.netflix.discovery.DiscoveryClient    : Application version is -1: true
2018-11-12 10:49:47.120  INFO 11008 --- [restartedMain] com.netflix.discovery.DiscoveryClient    : Getting all instance registry info from the eureka server
2018-11-12 10:49:47.367  INFO 11008 --- [restartedMain] com.netflix.discovery.DiscoveryClient    : The response status is 200
2018-11-12 10:49:47.374  INFO 11008 --- [restartedMain] com.netflix.discovery.DiscoveryClient    : Starting heartbeat executor: renew interval is: 30
2018-11-12 10:49:47.378  INFO 11008 --- [restartedMain] c.n.discovery.InstanceInfoReplicator     : InstanceInfoReplicator onDemand update allowed rate per min is 4
2018-11-12 10:49:47.385  INFO 11008 --- [restartedMain] com.netflix.discovery.DiscoveryClient    : Discovery Client initialized at timestamp 1541999987384 with initial instances count: 6
2018-11-12 10:49:47.672  INFO 11008 --- [restartedMain] o.s.b.w.servlet.FilterRegistrationBean   : Mapping filter: 'characterEncodingFilter' to: [/*]
2018-11-12 10:49:47.674  INFO 11008 --- [restartedMain] o.s.b.w.servlet.FilterRegistrationBean   : Mapping filter: 'webMvcMetricsFilter' to: [/*]
2018-11-12 10:49:47.675  INFO 11008 --- [restartedMain] o.s.b.w.servlet.FilterRegistrationBean   : Mapping filter: 'hiddenHttpMethodFilter' to: [/*]
2018-11-12 10:49:47.675  INFO 11008 --- [restartedMain] o.s.b.w.servlet.FilterRegistrationBean   : Mapping filter: 'formContentFilter' to: [/*]
2018-11-12 10:49:47.675  INFO 11008 --- [restartedMain] o.s.b.w.servlet.FilterRegistrationBean   : Mapping filter: 'requestContextFilter' to: [/*]
2018-11-12 10:49:47.677  INFO 11008 --- [restartedMain] o.s.b.w.servlet.FilterRegistrationBean   : Mapping filter: 'httpTraceFilter' to: [/*]
2018-11-12 10:49:47.677  INFO 11008 --- [restartedMain] o.s.b.w.servlet.ServletRegistrationBean  : Servlet dispatcherServlet mapped to [/]
2018-11-12 10:49:47.739  WARN 11008 --- [restartedMain] c.n.c.sources.URLConfigurationSource     : No URLs will be polled as dynamic configuration sources.
2018-11-12 10:49:47.739  INFO 11008 --- [restartedMain] c.n.c.sources.URLConfigurationSource     : To enable URLs as dynamic configuration sources, define System property archaius.configurationSource.additionalUrls or make config.properties available on classpath.
2018-11-12 10:49:47.993  INFO 11008 --- [restartedMain] o.s.s.concurrent.ThreadPoolTaskExecutor  : Initializing ExecutorService 'applicationTaskExecutor'
2018-11-12 10:49:48.520  WARN 11008 --- [restartedMain] o.s.b.d.a.OptionalLiveReloadServer       : Unable to start LiveReload server
2018-11-12 10:49:48.600  INFO 11008 --- [restartedMain] o.s.b.a.e.web.EndpointLinksResolver      : Exposing 2 endpoint(s) beneath base path '/actuator'
2018-11-12 10:49:48.743  INFO 11008 --- [restartedMain] o.s.c.n.e.s.EurekaServiceRegistry        : Registering application perimeter-service with eureka with status UP
2018-11-12 10:49:48.745  INFO 11008 --- [restartedMain] com.netflix.discovery.DiscoveryClient    : Saw local status change event StatusChangeEvent [timestamp=1541999988745, current=UP, previous=STARTING]
2018-11-12 10:49:48.749  INFO 11008 --- [DiscoveryClient-InstanceInfoReplicator-0] com.netflix.discovery.DiscoveryClient    : DiscoveryClient_PERIMETER-SERVICE/DESKTOP-T5HSAB1:perimeter-service:8101: registering service...
2018-11-12 10:49:48.813  INFO 11008 --- [DiscoveryClient-InstanceInfoReplicator-0] com.netflix.discovery.DiscoveryClient    : DiscoveryClient_PERIMETER-SERVICE/DESKTOP-T5HSAB1:perimeter-service:8101 - registration status: 204
2018-11-12 10:49:48.860  INFO 11008 --- [restartedMain] o.s.b.w.embedded.tomcat.TomcatWebServer  : Tomcat started on port(s): 8101 (http) with context path ''
2018-11-12 10:49:48.870  INFO 11008 --- [restartedMain] .s.c.n.e.s.EurekaAutoServiceRegistration : Updating port to 8101
2018-11-12 10:49:48.874  INFO 11008 --- [restartedMain] c.e.m.p.PerimeterServiceApplication      : Started PerimeterServiceApplication in 8.24 seconds (JVM running for 9.52)
2018-11-12 10:51:14.303  INFO 11008 --- [http-nio-8101-exec-1] o.a.c.c.C.[Tomcat].[localhost].[/]       : Initializing Spring DispatcherServlet 'dispatcherServlet'
2018-11-12 10:51:14.306  INFO 11008 --- [http-nio-8101-exec-1] o.s.web.servlet.DispatcherServlet        : Initializing Servlet 'dispatcherServlet'
2018-11-12 10:51:14.330  INFO 11008 --- [http-nio-8101-exec-1] o.s.web.servlet.DispatcherServlet        : Completed initialization in 22 ms
2018-11-12 10:51:14.422  INFO 11008 --- [http-nio-8101-exec-1] c.e.m.p.c.PerimeterServiceController     : PerimeterServiceController.getPerimeter.perimeter---> {}25.132741228718345
2018-11-12 10:51:21.771  INFO 5060 --- [http-nio-8100-exec-1] o.a.c.c.C.[Tomcat].[localhost].[/]       : Initializing Spring DispatcherServlet 'dispatcherServlet'
2018-11-12 10:51:21.773  INFO 5060 --- [http-nio-8100-exec-1] o.s.web.servlet.DispatcherServlet        : Initializing Servlet 'dispatcherServlet'
2018-11-12 10:51:21.803  INFO 5060 --- [http-nio-8100-exec-1] o.s.web.servlet.DispatcherServlet        : Completed initialization in 28 ms
2018-11-12 10:51:21.905  INFO 5060 --- [http-nio-8100-exec-1] c.e.m.p.c.PerimeterServiceController     : PerimeterServiceController.getPerimeter.perimeter---> {}25.132741228718345
2018-11-12 10:51:25.154  INFO 11008 --- [http-nio-8101-exec-2] c.e.m.p.c.PerimeterServiceController     : PerimeterServiceController.getPerimeter.perimeter---> {}25.132741228718345
2018-11-12 10:51:26.411  INFO 5060 --- [http-nio-8100-exec-2] c.e.m.p.c.PerimeterServiceController     : PerimeterServiceController.getPerimeter.perimeter---> {}25.132741228718345
2018-11-12 10:51:27.872  INFO 11008 --- [http-nio-8101-exec-3] c.e.m.p.c.PerimeterServiceController     : PerimeterServiceController.getPerimeter.perimeter---> {}25.132741228718345
2018-11-12 10:51:37.407  INFO 5060 --- [http-nio-8100-exec-4] c.e.m.p.c.PerimeterServiceController     : PerimeterServiceController.getPerimeter.perimeter---> {}25.132741228718345
2018-11-12 10:54:14.656  INFO 5060 --- [AsyncResolver-bootstrap-executor-0] c.n.d.s.r.aws.ConfigClusterResolver      : Resolving eureka endpoints via configuration
2018-11-12 10:54:47.124  INFO 11008 --- [AsyncResolver-bootstrap-executor-0] c.n.d.s.r.aws.ConfigClusterResolver      : Resolving eureka endpoints via configuration
2018-11-12 10:59:14.660  INFO 5060 --- [AsyncResolver-bootstrap-executor-0] c.n.d.s.r.aws.ConfigClusterResolver      : Resolving eureka endpoints via configuration
2018-11-12 10:59:47.127  INFO 11008 --- [AsyncResolver-bootstrap-executor-0] c.n.d.s.r.aws.ConfigClusterResolver      : Resolving eureka endpoints via configuration
2018-11-12 11:03:26.626  INFO 11008 --- [Thread-3] o.s.c.n.e.s.EurekaServiceRegistry        : Unregistering application perimeter-service with eureka with status DOWN
2018-11-12 11:03:26.631  INFO 5060 --- [Thread-3] o.s.c.n.e.s.EurekaServiceRegistry        : Unregistering application perimeter-service with eureka with status DOWN
2018-11-12 11:03:26.633  WARN 11008 --- [Thread-3] com.netflix.discovery.DiscoveryClient    : Saw local status change event StatusChangeEvent [timestamp=1542000806633, current=DOWN, previous=UP]
2018-11-12 11:03:26.648  INFO 11008 --- [DiscoveryClient-InstanceInfoReplicator-0] com.netflix.discovery.DiscoveryClient    : DiscoveryClient_PERIMETER-SERVICE/DESKTOP-T5HSAB1:perimeter-service:8101: registering service...
2018-11-12 11:03:26.649  WARN 5060 --- [Thread-3] com.netflix.discovery.DiscoveryClient    : Saw local status change event StatusChangeEvent [timestamp=1542000806648, current=DOWN, previous=UP]
2018-11-12 11:03:26.654  INFO 5060 --- [DiscoveryClient-InstanceInfoReplicator-0] com.netflix.discovery.DiscoveryClient    : DiscoveryClient_PERIMETER-SERVICE/localhost:perimeter-service:8100: registering service...
2018-11-12 11:03:26.662  INFO 11008 --- [Thread-3] o.s.s.concurrent.ThreadPoolTaskExecutor  : Shutting down ExecutorService 'applicationTaskExecutor'
2018-11-12 11:03:26.689  INFO 11008 --- [DiscoveryClient-InstanceInfoReplicator-0] com.netflix.discovery.DiscoveryClient    : DiscoveryClient_PERIMETER-SERVICE/DESKTOP-T5HSAB1:perimeter-service:8101 - registration status: 204
2018-11-12 11:03:26.692  INFO 11008 --- [Thread-3] com.netflix.discovery.DiscoveryClient    : Shutting down DiscoveryClient ...
2018-11-12 11:03:26.723  WARN 11008 --- [Thread-3] .s.c.a.CommonAnnotationBeanPostProcessor : Destroy method on bean with name 'scopedTarget.eurekaClient' threw an exception: org.springframework.beans.factory.BeanCreationNotAllowedException: Error creating bean with name 'eurekaInstanceConfigBean': Singleton bean creation not allowed while singletons of this factory are in destruction (Do not request a bean from a BeanFactory in a destroy method implementation!)
2018-11-12 11:03:26.717  INFO 5060 --- [DiscoveryClient-InstanceInfoReplicator-0] com.netflix.discovery.DiscoveryClient    : DiscoveryClient_PERIMETER-SERVICE/localhost:perimeter-service:8100 - registration status: 204
2018-11-12 11:03:26.810  INFO 5060 --- [Thread-3] o.s.s.concurrent.ThreadPoolTaskExecutor  : Shutting down ExecutorService 'applicationTaskExecutor'
2018-11-12 11:03:26.869  INFO 5060 --- [Thread-3] com.netflix.discovery.DiscoveryClient    : Shutting down DiscoveryClient ...
2018-11-12 11:03:26.924  WARN 5060 --- [Thread-3] .s.c.a.CommonAnnotationBeanPostProcessor : Destroy method on bean with name 'scopedTarget.eurekaClient' threw an exception: org.springframework.beans.factory.BeanCreationNotAllowedException: Error creating bean with name 'eurekaInstanceConfigBean': Singleton bean creation not allowed while singletons of this factory are in destruction (Do not request a bean from a BeanFactory in a destroy method implementation!)
2018-11-12 11:15:25.318  INFO 5452 --- [restartedMain] c.e.m.p.PerimeterServiceApplication      : No active profile set, falling back to default profiles: default
2018-11-12 11:15:25.426  INFO 11996 --- [restartedMain] c.e.m.p.PerimeterServiceApplication      : No active profile set, falling back to default profiles: default
2018-11-12 11:15:27.123  WARN 5452 --- [restartedMain] o.s.boot.actuate.endpoint.EndpointId     : Endpoint ID 'service-registry' contains invalid characters, please migrate to a valid format.
2018-11-12 11:15:27.172  WARN 11996 --- [restartedMain] o.s.boot.actuate.endpoint.EndpointId     : Endpoint ID 'service-registry' contains invalid characters, please migrate to a valid format.
2018-11-12 11:15:27.552  INFO 5452 --- [restartedMain] o.s.cloud.context.scope.GenericScope     : BeanFactory id=6a90b0c4-23c3-3aa7-8e00-919045d1b563
2018-11-12 11:15:27.608  INFO 11996 --- [restartedMain] o.s.cloud.context.scope.GenericScope     : BeanFactory id=6a90b0c4-23c3-3aa7-8e00-919045d1b563
2018-11-12 11:15:27.740  INFO 5452 --- [restartedMain] trationDelegate$BeanPostProcessorChecker : Bean 'org.springframework.cloud.autoconfigure.ConfigurationPropertiesRebinderAutoConfiguration' of type [org.springframework.cloud.autoconfigure.ConfigurationPropertiesRebinderAutoConfiguration$$EnhancerBySpringCGLIB$$2c5eaf00] is not eligible for getting processed by all BeanPostProcessors (for example: not eligible for auto-proxying)
2018-11-12 11:15:27.803  INFO 11996 --- [restartedMain] trationDelegate$BeanPostProcessorChecker : Bean 'org.springframework.cloud.autoconfigure.ConfigurationPropertiesRebinderAutoConfiguration' of type [org.springframework.cloud.autoconfigure.ConfigurationPropertiesRebinderAutoConfiguration$$EnhancerBySpringCGLIB$$75c8c6ad] is not eligible for getting processed by all BeanPostProcessors (for example: not eligible for auto-proxying)
2018-11-12 11:15:29.569  INFO 5452 --- [restartedMain] o.s.b.w.embedded.tomcat.TomcatWebServer  : Tomcat initialized with port(s): 8100 (http)
2018-11-12 11:15:29.569  INFO 11996 --- [restartedMain] o.s.b.w.embedded.tomcat.TomcatWebServer  : Tomcat initialized with port(s): 8101 (http)
2018-11-12 11:15:29.600  INFO 11996 --- [restartedMain] o.apache.catalina.core.StandardService   : Starting service [Tomcat]
2018-11-12 11:15:29.600  INFO 5452 --- [restartedMain] o.apache.catalina.core.StandardService   : Starting service [Tomcat]
2018-11-12 11:15:29.601  INFO 11996 --- [restartedMain] org.apache.catalina.core.StandardEngine  : Starting Servlet Engine: Apache Tomcat/9.0.12
2018-11-12 11:15:29.601  INFO 5452 --- [restartedMain] org.apache.catalina.core.StandardEngine  : Starting Servlet Engine: Apache Tomcat/9.0.12
2018-11-12 11:15:29.613  INFO 11996 --- [restartedMain] o.a.catalina.core.AprLifecycleListener   : The APR based Apache Tomcat Native library which allows optimal performance in production environments was not found on the java.library.path: [C:\Program Files\Java\jre1.8.0_191\bin;C:\WINDOWS\Sun\Java\bin;C:\WINDOWS\system32;C:\WINDOWS;C:/Program Files/Java/jre1.8.0_191/bin/server;C:/Program Files/Java/jre1.8.0_191/bin;C:/Program Files/Java/jre1.8.0_191/lib/amd64;C:\Program Files (x86)\Common Files\Oracle\Java\javapath;C:\WINDOWS\system32;C:\WINDOWS;C:\WINDOWS\System32\Wbem;C:\WINDOWS\System32\WindowsPowerShell\v1.0\;C:\Program Files\Java\jdk1.8.0_191\bin;C:\Users\TapojitBhattacharya\Softwares\apache-maven-3.5.2-bin\apache-maven-3.5.2\bin;C:\Program Files\IBM\Bluemix\bin;C:\WINDOWS\System32\OpenSSH\;C:\Program Files\Git\cmd;C:\Users\TapojitBhattacharya\AppData\Local\Microsoft\WindowsApps;C:\Program Files (x86)\CVSNT\;%USERPROFILE%\AppData\Local\Microsoft\WindowsApps;;C:\Users\TapojitBhattacharya\Documents\Personal\Softwares\sts-4.0.1.RELEASE;;.]
2018-11-12 11:15:29.613  INFO 5452 --- [restartedMain] o.a.catalina.core.AprLifecycleListener   : The APR based Apache Tomcat Native library which allows optimal performance in production environments was not found on the java.library.path: [C:\Program Files\Java\jre1.8.0_191\bin;C:\WINDOWS\Sun\Java\bin;C:\WINDOWS\system32;C:\WINDOWS;C:/Program Files/Java/jre1.8.0_191/bin/server;C:/Program Files/Java/jre1.8.0_191/bin;C:/Program Files/Java/jre1.8.0_191/lib/amd64;C:\Program Files (x86)\Common Files\Oracle\Java\javapath;C:\WINDOWS\system32;C:\WINDOWS;C:\WINDOWS\System32\Wbem;C:\WINDOWS\System32\WindowsPowerShell\v1.0\;C:\Program Files\Java\jdk1.8.0_191\bin;C:\Users\TapojitBhattacharya\Softwares\apache-maven-3.5.2-bin\apache-maven-3.5.2\bin;C:\Program Files\IBM\Bluemix\bin;C:\WINDOWS\System32\OpenSSH\;C:\Program Files\Git\cmd;C:\Users\TapojitBhattacharya\AppData\Local\Microsoft\WindowsApps;C:\Program Files (x86)\CVSNT\;%USERPROFILE%\AppData\Local\Microsoft\WindowsApps;;C:\Users\TapojitBhattacharya\Documents\Personal\Softwares\sts-4.0.1.RELEASE;;.]
2018-11-12 11:15:30.215  INFO 5452 --- [restartedMain] o.a.c.c.C.[Tomcat].[localhost].[/]       : Initializing Spring embedded WebApplicationContext
2018-11-12 11:15:30.216  INFO 5452 --- [restartedMain] o.s.web.context.ContextLoader            : Root WebApplicationContext: initialization completed in 4875 ms
2018-11-12 11:15:30.220  INFO 11996 --- [restartedMain] o.a.c.c.C.[Tomcat].[localhost].[/]       : Initializing Spring embedded WebApplicationContext
2018-11-12 11:15:30.220  INFO 11996 --- [restartedMain] o.s.web.context.ContextLoader            : Root WebApplicationContext: initialization completed in 4766 ms
2018-11-12 11:15:30.408  WARN 5452 --- [restartedMain] c.n.c.sources.URLConfigurationSource     : No URLs will be polled as dynamic configuration sources.
2018-11-12 11:15:30.409  INFO 5452 --- [restartedMain] c.n.c.sources.URLConfigurationSource     : To enable URLs as dynamic configuration sources, define System property archaius.configurationSource.additionalUrls or make config.properties available on classpath.
2018-11-12 11:15:30.418  WARN 11996 --- [restartedMain] c.n.c.sources.URLConfigurationSource     : No URLs will be polled as dynamic configuration sources.
2018-11-12 11:15:30.420  INFO 11996 --- [restartedMain] c.n.c.sources.URLConfigurationSource     : To enable URLs as dynamic configuration sources, define System property archaius.configurationSource.additionalUrls or make config.properties available on classpath.
2018-11-12 11:15:30.434  INFO 5452 --- [restartedMain] c.netflix.config.DynamicPropertyFactory  : DynamicPropertyFactory is initialized with configuration sources: com.netflix.config.ConcurrentCompositeConfiguration@6074d21c
2018-11-12 11:15:30.443  INFO 11996 --- [restartedMain] c.netflix.config.DynamicPropertyFactory  : DynamicPropertyFactory is initialized with configuration sources: com.netflix.config.ConcurrentCompositeConfiguration@2b40e5c4
2018-11-12 11:15:31.964  INFO 11996 --- [restartedMain] o.s.c.n.eureka.InstanceInfoFactory       : Setting initial instance status as: STARTING
2018-11-12 11:15:32.256  INFO 5452 --- [restartedMain] o.s.c.n.eureka.InstanceInfoFactory       : Setting initial instance status as: STARTING
2018-11-12 11:15:32.343  INFO 11996 --- [restartedMain] com.netflix.discovery.DiscoveryClient    : Initializing Eureka in region us-east-1
2018-11-12 11:15:32.349  INFO 5452 --- [restartedMain] com.netflix.discovery.DiscoveryClient    : Initializing Eureka in region us-east-1
2018-11-12 11:15:33.108  INFO 5452 --- [restartedMain] c.n.d.provider.DiscoveryJerseyProvider   : Using JSON encoding codec LegacyJacksonJson
2018-11-12 11:15:33.110  INFO 5452 --- [restartedMain] c.n.d.provider.DiscoveryJerseyProvider   : Using JSON decoding codec LegacyJacksonJson
2018-11-12 11:15:33.112  INFO 11996 --- [restartedMain] c.n.d.provider.DiscoveryJerseyProvider   : Using JSON encoding codec LegacyJacksonJson
2018-11-12 11:15:33.114  INFO 11996 --- [restartedMain] c.n.d.provider.DiscoveryJerseyProvider   : Using JSON decoding codec LegacyJacksonJson
2018-11-12 11:15:33.380  INFO 11996 --- [restartedMain] c.n.d.provider.DiscoveryJerseyProvider   : Using XML encoding codec XStreamXml
2018-11-12 11:15:33.379  INFO 5452 --- [restartedMain] c.n.d.provider.DiscoveryJerseyProvider   : Using XML encoding codec XStreamXml
2018-11-12 11:15:33.381  INFO 11996 --- [restartedMain] c.n.d.provider.DiscoveryJerseyProvider   : Using XML decoding codec XStreamXml
2018-11-12 11:15:33.381  INFO 5452 --- [restartedMain] c.n.d.provider.DiscoveryJerseyProvider   : Using XML decoding codec XStreamXml
2018-11-12 11:15:33.838  INFO 11996 --- [restartedMain] c.n.d.s.r.aws.ConfigClusterResolver      : Resolving eureka endpoints via configuration
2018-11-12 11:15:33.851  INFO 5452 --- [restartedMain] c.n.d.s.r.aws.ConfigClusterResolver      : Resolving eureka endpoints via configuration
2018-11-12 11:15:34.299  INFO 11996 --- [restartedMain] com.netflix.discovery.DiscoveryClient    : Disable delta property : false
2018-11-12 11:15:34.300  INFO 11996 --- [restartedMain] com.netflix.discovery.DiscoveryClient    : Single vip registry refresh property : null
2018-11-12 11:15:34.302  INFO 11996 --- [restartedMain] com.netflix.discovery.DiscoveryClient    : Force full registry fetch : false
2018-11-12 11:15:34.303  INFO 11996 --- [restartedMain] com.netflix.discovery.DiscoveryClient    : Application is null : false
2018-11-12 11:15:34.307  INFO 11996 --- [restartedMain] com.netflix.discovery.DiscoveryClient    : Registered Applications size is zero : true
2018-11-12 11:15:34.308  INFO 11996 --- [restartedMain] com.netflix.discovery.DiscoveryClient    : Application version is -1: true
2018-11-12 11:15:34.309  INFO 11996 --- [restartedMain] com.netflix.discovery.DiscoveryClient    : Getting all instance registry info from the eureka server
2018-11-12 11:15:34.322  INFO 5452 --- [restartedMain] com.netflix.discovery.DiscoveryClient    : Disable delta property : false
2018-11-12 11:15:34.322  INFO 5452 --- [restartedMain] com.netflix.discovery.DiscoveryClient    : Single vip registry refresh property : null
2018-11-12 11:15:34.325  INFO 5452 --- [restartedMain] com.netflix.discovery.DiscoveryClient    : Force full registry fetch : false
2018-11-12 11:15:34.327  INFO 5452 --- [restartedMain] com.netflix.discovery.DiscoveryClient    : Application is null : false
2018-11-12 11:15:34.332  INFO 5452 --- [restartedMain] com.netflix.discovery.DiscoveryClient    : Registered Applications size is zero : true
2018-11-12 11:15:34.333  INFO 5452 --- [restartedMain] com.netflix.discovery.DiscoveryClient    : Application version is -1: true
2018-11-12 11:15:34.334  INFO 5452 --- [restartedMain] com.netflix.discovery.DiscoveryClient    : Getting all instance registry info from the eureka server
2018-11-12 11:15:34.857  INFO 11996 --- [restartedMain] com.netflix.discovery.DiscoveryClient    : The response status is 200
2018-11-12 11:15:34.877  INFO 11996 --- [restartedMain] com.netflix.discovery.DiscoveryClient    : Starting heartbeat executor: renew interval is: 30
2018-11-12 11:15:34.883  INFO 11996 --- [restartedMain] c.n.discovery.InstanceInfoReplicator     : InstanceInfoReplicator onDemand update allowed rate per min is 4
2018-11-12 11:15:34.895  INFO 11996 --- [restartedMain] com.netflix.discovery.DiscoveryClient    : Discovery Client initialized at timestamp 1542001534891 with initial instances count: 5
2018-11-12 11:15:34.913  INFO 5452 --- [restartedMain] com.netflix.discovery.DiscoveryClient    : The response status is 200
2018-11-12 11:15:34.930  INFO 5452 --- [restartedMain] com.netflix.discovery.DiscoveryClient    : Starting heartbeat executor: renew interval is: 30
2018-11-12 11:15:34.938  INFO 5452 --- [restartedMain] c.n.discovery.InstanceInfoReplicator     : InstanceInfoReplicator onDemand update allowed rate per min is 4
2018-11-12 11:15:34.953  INFO 5452 --- [restartedMain] com.netflix.discovery.DiscoveryClient    : Discovery Client initialized at timestamp 1542001534950 with initial instances count: 5
2018-11-12 11:15:35.459  INFO 11996 --- [restartedMain] o.s.b.w.servlet.FilterRegistrationBean   : Mapping filter: 'characterEncodingFilter' to: [/*]
2018-11-12 11:15:35.462  INFO 11996 --- [restartedMain] o.s.b.w.servlet.FilterRegistrationBean   : Mapping filter: 'webMvcMetricsFilter' to: [/*]
2018-11-12 11:15:35.463  INFO 11996 --- [restartedMain] o.s.b.w.servlet.FilterRegistrationBean   : Mapping filter: 'hiddenHttpMethodFilter' to: [/*]
2018-11-12 11:15:35.463  INFO 11996 --- [restartedMain] o.s.b.w.servlet.FilterRegistrationBean   : Mapping filter: 'formContentFilter' to: [/*]
2018-11-12 11:15:35.463  INFO 11996 --- [restartedMain] o.s.b.w.servlet.FilterRegistrationBean   : Mapping filter: 'requestContextFilter' to: [/*]
2018-11-12 11:15:35.466  INFO 11996 --- [restartedMain] o.s.b.w.servlet.FilterRegistrationBean   : Mapping filter: 'httpTraceFilter' to: [/*]
2018-11-12 11:15:35.467  INFO 11996 --- [restartedMain] o.s.b.w.servlet.ServletRegistrationBean  : Servlet dispatcherServlet mapped to [/]
2018-11-12 11:15:35.504  INFO 5452 --- [restartedMain] o.s.b.w.servlet.FilterRegistrationBean   : Mapping filter: 'characterEncodingFilter' to: [/*]
2018-11-12 11:15:35.507  INFO 5452 --- [restartedMain] o.s.b.w.servlet.FilterRegistrationBean   : Mapping filter: 'webMvcMetricsFilter' to: [/*]
2018-11-12 11:15:35.509  INFO 5452 --- [restartedMain] o.s.b.w.servlet.FilterRegistrationBean   : Mapping filter: 'hiddenHttpMethodFilter' to: [/*]
2018-11-12 11:15:35.509  INFO 5452 --- [restartedMain] o.s.b.w.servlet.FilterRegistrationBean   : Mapping filter: 'formContentFilter' to: [/*]
2018-11-12 11:15:35.510  INFO 5452 --- [restartedMain] o.s.b.w.servlet.FilterRegistrationBean   : Mapping filter: 'requestContextFilter' to: [/*]
2018-11-12 11:15:35.512  INFO 5452 --- [restartedMain] o.s.b.w.servlet.FilterRegistrationBean   : Mapping filter: 'httpTraceFilter' to: [/*]
2018-11-12 11:15:35.513  INFO 5452 --- [restartedMain] o.s.b.w.servlet.ServletRegistrationBean  : Servlet dispatcherServlet mapped to [/]
2018-11-12 11:15:35.548  WARN 11996 --- [restartedMain] c.n.c.sources.URLConfigurationSource     : No URLs will be polled as dynamic configuration sources.
2018-11-12 11:15:35.549  INFO 11996 --- [restartedMain] c.n.c.sources.URLConfigurationSource     : To enable URLs as dynamic configuration sources, define System property archaius.configurationSource.additionalUrls or make config.properties available on classpath.
2018-11-12 11:15:35.607  WARN 5452 --- [restartedMain] c.n.c.sources.URLConfigurationSource     : No URLs will be polled as dynamic configuration sources.
2018-11-12 11:15:35.607  INFO 5452 --- [restartedMain] c.n.c.sources.URLConfigurationSource     : To enable URLs as dynamic configuration sources, define System property archaius.configurationSource.additionalUrls or make config.properties available on classpath.
2018-11-12 11:15:35.896  INFO 11996 --- [restartedMain] o.s.s.concurrent.ThreadPoolTaskExecutor  : Initializing ExecutorService 'applicationTaskExecutor'
2018-11-12 11:15:35.932  INFO 5452 --- [restartedMain] o.s.s.concurrent.ThreadPoolTaskExecutor  : Initializing ExecutorService 'applicationTaskExecutor'
2018-11-12 11:15:36.710  WARN 11996 --- [restartedMain] o.s.b.d.a.OptionalLiveReloadServer       : Unable to start LiveReload server
2018-11-12 11:15:36.739  WARN 5452 --- [restartedMain] o.s.b.d.a.OptionalLiveReloadServer       : Unable to start LiveReload server
2018-11-12 11:15:36.828  INFO 11996 --- [restartedMain] o.s.b.a.e.web.EndpointLinksResolver      : Exposing 2 endpoint(s) beneath base path '/actuator'
2018-11-12 11:15:36.860  INFO 5452 --- [restartedMain] o.s.b.a.e.web.EndpointLinksResolver      : Exposing 2 endpoint(s) beneath base path '/actuator'
2018-11-12 11:15:37.029  INFO 11996 --- [restartedMain] o.s.c.n.e.s.EurekaServiceRegistry        : Registering application perimeter-service with eureka with status UP
2018-11-12 11:15:37.035  INFO 11996 --- [restartedMain] com.netflix.discovery.DiscoveryClient    : Saw local status change event StatusChangeEvent [timestamp=1542001537035, current=UP, previous=STARTING]
2018-11-12 11:15:37.039  INFO 11996 --- [DiscoveryClient-InstanceInfoReplicator-0] com.netflix.discovery.DiscoveryClient    : DiscoveryClient_PERIMETER-SERVICE/DESKTOP-T5HSAB1:perimeter-service:8101: registering service...
2018-11-12 11:15:37.111  INFO 11996 --- [DiscoveryClient-InstanceInfoReplicator-0] com.netflix.discovery.DiscoveryClient    : DiscoveryClient_PERIMETER-SERVICE/DESKTOP-T5HSAB1:perimeter-service:8101 - registration status: 204
2018-11-12 11:15:37.113  INFO 5452 --- [restartedMain] o.s.c.n.e.s.EurekaServiceRegistry        : Registering application perimeter-service with eureka with status UP
2018-11-12 11:15:37.116  INFO 5452 --- [restartedMain] com.netflix.discovery.DiscoveryClient    : Saw local status change event StatusChangeEvent [timestamp=1542001537116, current=UP, previous=STARTING]
2018-11-12 11:15:37.119  INFO 5452 --- [DiscoveryClient-InstanceInfoReplicator-0] com.netflix.discovery.DiscoveryClient    : DiscoveryClient_PERIMETER-SERVICE/DESKTOP-T5HSAB1:perimeter-service:8100: registering service...
2018-11-12 11:15:37.187  INFO 5452 --- [DiscoveryClient-InstanceInfoReplicator-0] com.netflix.discovery.DiscoveryClient    : DiscoveryClient_PERIMETER-SERVICE/DESKTOP-T5HSAB1:perimeter-service:8100 - registration status: 204
2018-11-12 11:15:37.193  INFO 11996 --- [restartedMain] o.s.b.w.embedded.tomcat.TomcatWebServer  : Tomcat started on port(s): 8101 (http) with context path ''
2018-11-12 11:15:37.197  INFO 11996 --- [restartedMain] .s.c.n.e.s.EurekaAutoServiceRegistration : Updating port to 8101
2018-11-12 11:15:37.201  INFO 11996 --- [restartedMain] c.e.m.p.PerimeterServiceApplication      : Started PerimeterServiceApplication in 15.071 seconds (JVM running for 17.074)
2018-11-12 11:15:37.252  INFO 5452 --- [restartedMain] o.s.b.w.embedded.tomcat.TomcatWebServer  : Tomcat started on port(s): 8100 (http) with context path ''
2018-11-12 11:15:37.255  INFO 5452 --- [restartedMain] .s.c.n.e.s.EurekaAutoServiceRegistration : Updating port to 8100
2018-11-12 11:15:37.259  INFO 5452 --- [restartedMain] c.e.m.p.PerimeterServiceApplication      : Started PerimeterServiceApplication in 15.146 seconds (JVM running for 17.139)
2018-11-12 11:20:34.316  INFO 11996 --- [AsyncResolver-bootstrap-executor-0] c.n.d.s.r.aws.ConfigClusterResolver      : Resolving eureka endpoints via configuration
2018-11-12 11:20:34.345  INFO 5452 --- [AsyncResolver-bootstrap-executor-0] c.n.d.s.r.aws.ConfigClusterResolver      : Resolving eureka endpoints via configuration
